CRITICAL - 2022-02-24 03:43:44 --> Class 'App\Controllers\Controllers' not found
#0 C:\laragon\www\ContactApp\system\Router\Router.php(518): include_once()
#1 C:\laragon\www\ContactApp\system\Router\Router.php(175): CodeIgniter\Router\Router->autoRoute('Supprimer/suppr...')
#2 C:\laragon\www\ContactApp\system\CodeIgniter.php(719): CodeIgniter\Router\Router->handle('Supprimer/suppr...')
#3 C:\laragon\www\ContactApp\system\CodeIgniter.php(361): CodeIgniter\CodeIgniter->tryToRouteIt(Object(CodeIgniter\Router\RouteCollection))
#4 C:\laragon\www\ContactApp\system\CodeIgniter.php(320): CodeIgniter\CodeIgniter->handleRequest(NULL, Object(Config\Cache), false)
#5 C:\laragon\www\ContactApp\public\index.php(37): CodeIgniter\CodeIgniter->run()
#6 {main}
CRITICAL - 2022-02-24 03:44:36 --> Class 'App\Controllers\Controllers' not found
#0 C:\laragon\www\ContactApp\system\Router\Router.php(518): include_once()
#1 C:\laragon\www\ContactApp\system\Router\Router.php(175): CodeIgniter\Router\Router->autoRoute('Supprimer/suppr...')
#2 C:\laragon\www\ContactApp\system\CodeIgniter.php(719): CodeIgniter\Router\Router->handle('Supprimer/suppr...')
#3 C:\laragon\www\ContactApp\system\CodeIgniter.php(361): CodeIgniter\CodeIgniter->tryToRouteIt(Object(CodeIgniter\Router\RouteCollection))
#4 C:\laragon\www\ContactApp\system\CodeIgniter.php(320): CodeIgniter\CodeIgniter->handleRequest(NULL, Object(Config\Cache), false)
#5 C:\laragon\www\ContactApp\public\index.php(37): CodeIgniter\CodeIgniter->run()
#6 {main}
CRITICAL - 2022-02-24 03:46:13 --> Class 'App\Controllers\Controllers' not found
#0 C:\laragon\www\ContactApp\system\Router\Router.php(518): include_once()
#1 C:\laragon\www\ContactApp\system\Router\Router.php(175): CodeIgniter\Router\Router->autoRoute('Supprimer/suppr...')
#2 C:\laragon\www\ContactApp\system\CodeIgniter.php(719): CodeIgniter\Router\Router->handle('Supprimer/suppr...')
#3 C:\laragon\www\ContactApp\system\CodeIgniter.php(361): CodeIgniter\CodeIgniter->tryToRouteIt(Object(CodeIgniter\Router\RouteCollection))
#4 C:\laragon\www\ContactApp\system\CodeIgniter.php(320): CodeIgniter\CodeIgniter->handleRequest(NULL, Object(Config\Cache), false)
#5 C:\laragon\www\ContactApp\public\index.php(37): CodeIgniter\CodeIgniter->run()
#6 {main}
CRITICAL - 2022-02-24 03:46:16 --> Class 'App\Controllers\Controllers' not found
#0 C:\laragon\www\ContactApp\system\Router\Router.php(518): include_once()
#1 C:\laragon\www\ContactApp\system\Router\Router.php(175): CodeIgniter\Router\Router->autoRoute('Supprimer/suppr...')
#2 C:\laragon\www\ContactApp\system\CodeIgniter.php(719): CodeIgniter\Router\Router->handle('Supprimer/suppr...')
#3 C:\laragon\www\ContactApp\system\CodeIgniter.php(361): CodeIgniter\CodeIgniter->tryToRouteIt(Object(CodeIgniter\Router\RouteCollection))
#4 C:\laragon\www\ContactApp\system\CodeIgniter.php(320): CodeIgniter\CodeIgniter->handleRequest(NULL, Object(Config\Cache), false)
#5 C:\laragon\www\ContactApp\public\index.php(37): CodeIgniter\CodeIgniter->run()
#6 {main}
CRITICAL - 2022-02-24 03:52:12 --> Class 'App\Controllers\Controllers' not found
#0 C:\laragon\www\ContactApp\system\Router\Router.php(518): include_once()
#1 C:\laragon\www\ContactApp\system\Router\Router.php(175): CodeIgniter\Router\Router->autoRoute('Supprimer/suppr...')
#2 C:\laragon\www\ContactApp\system\CodeIgniter.php(719): CodeIgniter\Router\Router->handle('Supprimer/suppr...')
#3 C:\laragon\www\ContactApp\system\CodeIgniter.php(361): CodeIgniter\CodeIgniter->tryToRouteIt(Object(CodeIgniter\Router\RouteCollection))
#4 C:\laragon\www\ContactApp\system\CodeIgniter.php(320): CodeIgniter\CodeIgniter->handleRequest(NULL, Object(Config\Cache), false)
#5 C:\laragon\www\ContactApp\public\index.php(37): CodeIgniter\CodeIgniter->run()
#6 {main}
CRITICAL - 2022-02-24 04:23:04 --> Class 'App\Controllers\Controller' not found
#0 C:\laragon\www\ContactApp\system\Router\Router.php(518): include_once()
#1 C:\laragon\www\ContactApp\system\Router\Router.php(175): CodeIgniter\Router\Router->autoRoute('Modifier/modifi...')
#2 C:\laragon\www\ContactApp\system\CodeIgniter.php(719): CodeIgniter\Router\Router->handle('Modifier/modifi...')
#3 C:\laragon\www\ContactApp\system\CodeIgniter.php(361): CodeIgniter\CodeIgniter->tryToRouteIt(Object(CodeIgniter\Router\RouteCollection))
#4 C:\laragon\www\ContactApp\system\CodeIgniter.php(320): CodeIgniter\CodeIgniter->handleRequest(NULL, Object(Config\Cache), false)
#5 C:\laragon\www\ContactApp\public\index.php(37): CodeIgniter\CodeIgniter->run()
#6 {main}
CRITICAL - 2022-02-24 04:23:52 --> Class 'App\Controllers\Controller' not found
#0 C:\laragon\www\ContactApp\system\Router\Router.php(518): include_once()
#1 C:\laragon\www\ContactApp\system\Router\Router.php(175): CodeIgniter\Router\Router->autoRoute('Modifier/modifi...')
#2 C:\laragon\www\ContactApp\system\CodeIgniter.php(719): CodeIgniter\Router\Router->handle('Modifier/modifi...')
#3 C:\laragon\www\ContactApp\system\CodeIgniter.php(361): CodeIgniter\CodeIgniter->tryToRouteIt(Object(CodeIgniter\Router\RouteCollection))
#4 C:\laragon\www\ContactApp\system\CodeIgniter.php(320): CodeIgniter\CodeIgniter->handleRequest(NULL, Object(Config\Cache), false)
#5 C:\laragon\www\ContactApp\public\index.php(37): CodeIgniter\CodeIgniter->run()
#6 {main}
CRITICAL - 2022-02-24 04:24:37 --> Class 'App\Controllers\Controller' not found
#0 C:\laragon\www\ContactApp\system\Router\Router.php(518): include_once()
#1 C:\laragon\www\ContactApp\system\Router\Router.php(175): CodeIgniter\Router\Router->autoRoute('Modifier/modifi...')
#2 C:\laragon\www\ContactApp\system\CodeIgniter.php(719): CodeIgniter\Router\Router->handle('Modifier/modifi...')
#3 C:\laragon\www\ContactApp\system\CodeIgniter.php(361): CodeIgniter\CodeIgniter->tryToRouteIt(Object(CodeIgniter\Router\RouteCollection))
#4 C:\laragon\www\ContactApp\system\CodeIgniter.php(320): CodeIgniter\CodeIgniter->handleRequest(NULL, Object(Config\Cache), false)
#5 C:\laragon\www\ContactApp\public\index.php(37): CodeIgniter\CodeIgniter->run()
#6 {main}
CRITICAL - 2022-02-24 04:24:39 --> Class 'App\Controllers\Controller' not found
#0 C:\laragon\www\ContactApp\system\Router\Router.php(518): include_once()
#1 C:\laragon\www\ContactApp\system\Router\Router.php(175): CodeIgniter\Router\Router->autoRoute('Modifier/modifi...')
#2 C:\laragon\www\ContactApp\system\CodeIgniter.php(719): CodeIgniter\Router\Router->handle('Modifier/modifi...')
#3 C:\laragon\www\ContactApp\system\CodeIgniter.php(361): CodeIgniter\CodeIgniter->tryToRouteIt(Object(CodeIgniter\Router\RouteCollection))
#4 C:\laragon\www\ContactApp\system\CodeIgniter.php(320): CodeIgniter\CodeIgniter->handleRequest(NULL, Object(Config\Cache), false)
#5 C:\laragon\www\ContactApp\public\index.php(37): CodeIgniter\CodeIgniter->run()
#6 {main}
