CRITICAL - 2022-02-18 04:09:49 --> Undefined variable: ResultatRecherche
#0 C:\laragon\www\Luzancy-App\app\Views\Recherche\RechercheContact.php(62): CodeIgniter\Debug\Exceptions->errorHandler(8, 'Undefined varia...', 'C:\\laragon\\www\\...', 62, Array)
#1 C:\laragon\www\Luzancy-App\system\View\View.php(210): include('C:\\laragon\\www\\...')
#2 C:\laragon\www\Luzancy-App\system\View\View.php(213): CodeIgniter\View\View->CodeIgniter\View\{closure}()
#3 C:\laragon\www\Luzancy-App\system\Common.php(1089): CodeIgniter\View\View->render('Recherche/Reche...', Array, true)
#4 C:\laragon\www\Luzancy-App\app\Controllers\ContactController.php(60): view('Recherche/Reche...', Array)
#5 C:\laragon\www\Luzancy-App\system\CodeIgniter.php(825): App\Controllers\ContactController->recherche_contact()
#6 C:\laragon\www\Luzancy-App\system\CodeIgniter.php(412): CodeIgniter\CodeIgniter->runController(Object(App\Controllers\ContactController))
#7 C:\laragon\www\Luzancy-App\system\CodeIgniter.php(320): CodeIgniter\CodeIgniter->handleRequest(NULL, Object(Config\Cache), false)
#8 C:\laragon\www\Luzancy-App\public\index.php(37): CodeIgniter\CodeIgniter->run()
#9 {main}
CRITICAL - 2022-02-18 04:17:25 --> Undefined variable: all
#0 C:\laragon\www\Luzancy-App\app\Views\Recherche\RechercheContact.php(62): CodeIgniter\Debug\Exceptions->errorHandler(8, 'Undefined varia...', 'C:\\laragon\\www\\...', 62, Array)
#1 C:\laragon\www\Luzancy-App\system\View\View.php(210): include('C:\\laragon\\www\\...')
#2 C:\laragon\www\Luzancy-App\system\View\View.php(213): CodeIgniter\View\View->CodeIgniter\View\{closure}()
#3 C:\laragon\www\Luzancy-App\system\Common.php(1089): CodeIgniter\View\View->render('Recherche/Reche...', Array, true)
#4 C:\laragon\www\Luzancy-App\app\Controllers\ContactController.php(60): view('Recherche/Reche...', Array)
#5 C:\laragon\www\Luzancy-App\system\CodeIgniter.php(825): App\Controllers\ContactController->recherche_contact()
#6 C:\laragon\www\Luzancy-App\system\CodeIgniter.php(412): CodeIgniter\CodeIgniter->runController(Object(App\Controllers\ContactController))
#7 C:\laragon\www\Luzancy-App\system\CodeIgniter.php(320): CodeIgniter\CodeIgniter->handleRequest(NULL, Object(Config\Cache), false)
#8 C:\laragon\www\Luzancy-App\public\index.php(37): CodeIgniter\CodeIgniter->run()
#9 {main}
CRITICAL - 2022-02-18 04:18:36 --> Undefined variable: all
#0 C:\laragon\www\Luzancy-App\app\Views\Recherche\RechercheContact.php(62): CodeIgniter\Debug\Exceptions->errorHandler(8, 'Undefined varia...', 'C:\\laragon\\www\\...', 62, Array)
#1 C:\laragon\www\Luzancy-App\system\View\View.php(210): include('C:\\laragon\\www\\...')
#2 C:\laragon\www\Luzancy-App\system\View\View.php(213): CodeIgniter\View\View->CodeIgniter\View\{closure}()
#3 C:\laragon\www\Luzancy-App\system\Common.php(1089): CodeIgniter\View\View->render('Recherche/Reche...', Array, true)
#4 C:\laragon\www\Luzancy-App\app\Controllers\ContactController.php(60): view('Recherche/Reche...', Array)
#5 C:\laragon\www\Luzancy-App\system\CodeIgniter.php(825): App\Controllers\ContactController->recherche_contact()
#6 C:\laragon\www\Luzancy-App\system\CodeIgniter.php(412): CodeIgniter\CodeIgniter->runController(Object(App\Controllers\ContactController))
#7 C:\laragon\www\Luzancy-App\system\CodeIgniter.php(320): CodeIgniter\CodeIgniter->handleRequest(NULL, Object(Config\Cache), false)
#8 C:\laragon\www\Luzancy-App\public\index.php(37): CodeIgniter\CodeIgniter->run()
#9 {main}
CRITICAL - 2022-02-18 04:19:52 --> Undefined variable: all
#0 C:\laragon\www\Luzancy-App\app\Views\Recherche\RechercheContact.php(62): CodeIgniter\Debug\Exceptions->errorHandler(8, 'Undefined varia...', 'C:\\laragon\\www\\...', 62, Array)
#1 C:\laragon\www\Luzancy-App\system\View\View.php(210): include('C:\\laragon\\www\\...')
#2 C:\laragon\www\Luzancy-App\system\View\View.php(213): CodeIgniter\View\View->CodeIgniter\View\{closure}()
#3 C:\laragon\www\Luzancy-App\system\Common.php(1089): CodeIgniter\View\View->render('Recherche/Reche...', Array, true)
#4 C:\laragon\www\Luzancy-App\app\Controllers\ContactController.php(60): view('Recherche/Reche...', Array)
#5 C:\laragon\www\Luzancy-App\system\CodeIgniter.php(825): App\Controllers\ContactController->recherche_contact()
#6 C:\laragon\www\Luzancy-App\system\CodeIgniter.php(412): CodeIgniter\CodeIgniter->runController(Object(App\Controllers\ContactController))
#7 C:\laragon\www\Luzancy-App\system\CodeIgniter.php(320): CodeIgniter\CodeIgniter->handleRequest(NULL, Object(Config\Cache), false)
#8 C:\laragon\www\Luzancy-App\public\index.php(37): CodeIgniter\CodeIgniter->run()
#9 {main}
CRITICAL - 2022-02-18 04:24:53 --> Undefined variable: all
#0 C:\laragon\www\Luzancy-App\app\Views\Recherche\RechercheContact.php(62): CodeIgniter\Debug\Exceptions->errorHandler(8, 'Undefined varia...', 'C:\\laragon\\www\\...', 62, Array)
#1 C:\laragon\www\Luzancy-App\system\View\View.php(210): include('C:\\laragon\\www\\...')
#2 C:\laragon\www\Luzancy-App\system\View\View.php(213): CodeIgniter\View\View->CodeIgniter\View\{closure}()
#3 C:\laragon\www\Luzancy-App\system\Common.php(1089): CodeIgniter\View\View->render('Recherche/Reche...', Array, true)
#4 C:\laragon\www\Luzancy-App\app\Controllers\ContactController.php(60): view('Recherche/Reche...', Array)
#5 C:\laragon\www\Luzancy-App\system\CodeIgniter.php(825): App\Controllers\ContactController->recherche_contact()
#6 C:\laragon\www\Luzancy-App\system\CodeIgniter.php(412): CodeIgniter\CodeIgniter->runController(Object(App\Controllers\ContactController))
#7 C:\laragon\www\Luzancy-App\system\CodeIgniter.php(320): CodeIgniter\CodeIgniter->handleRequest(NULL, Object(Config\Cache), false)
#8 C:\laragon\www\Luzancy-App\public\index.php(37): CodeIgniter\CodeIgniter->run()
#9 {main}
CRITICAL - 2022-02-18 04:25:12 --> Undefined variable: contact
#0 C:\laragon\www\Luzancy-App\app\Views\Recherche\RechercheContact.php(62): CodeIgniter\Debug\Exceptions->errorHandler(8, 'Undefined varia...', 'C:\\laragon\\www\\...', 62, Array)
#1 C:\laragon\www\Luzancy-App\system\View\View.php(210): include('C:\\laragon\\www\\...')
#2 C:\laragon\www\Luzancy-App\system\View\View.php(213): CodeIgniter\View\View->CodeIgniter\View\{closure}()
#3 C:\laragon\www\Luzancy-App\system\Common.php(1089): CodeIgniter\View\View->render('Recherche/Reche...', Array, true)
#4 C:\laragon\www\Luzancy-App\app\Controllers\ContactController.php(60): view('Recherche/Reche...', Array)
#5 C:\laragon\www\Luzancy-App\system\CodeIgniter.php(825): App\Controllers\ContactController->recherche_contact()
#6 C:\laragon\www\Luzancy-App\system\CodeIgniter.php(412): CodeIgniter\CodeIgniter->runController(Object(App\Controllers\ContactController))
#7 C:\laragon\www\Luzancy-App\system\CodeIgniter.php(320): CodeIgniter\CodeIgniter->handleRequest(NULL, Object(Config\Cache), false)
#8 C:\laragon\www\Luzancy-App\public\index.php(37): CodeIgniter\CodeIgniter->run()
#9 {main}
CRITICAL - 2022-02-18 04:25:18 --> Undefined variable: contact
#0 C:\laragon\www\Luzancy-App\app\Views\Recherche\RechercheContact.php(65): CodeIgniter\Debug\Exceptions->errorHandler(8, 'Undefined varia...', 'C:\\laragon\\www\\...', 65, Array)
#1 C:\laragon\www\Luzancy-App\system\View\View.php(210): include('C:\\laragon\\www\\...')
#2 C:\laragon\www\Luzancy-App\system\View\View.php(213): CodeIgniter\View\View->CodeIgniter\View\{closure}()
#3 C:\laragon\www\Luzancy-App\system\Common.php(1089): CodeIgniter\View\View->render('Recherche/Reche...', Array, true)
#4 C:\laragon\www\Luzancy-App\app\Controllers\ContactController.php(60): view('Recherche/Reche...', Array)
#5 C:\laragon\www\Luzancy-App\system\CodeIgniter.php(825): App\Controllers\ContactController->recherche_contact()
#6 C:\laragon\www\Luzancy-App\system\CodeIgniter.php(412): CodeIgniter\CodeIgniter->runController(Object(App\Controllers\ContactController))
#7 C:\laragon\www\Luzancy-App\system\CodeIgniter.php(320): CodeIgniter\CodeIgniter->handleRequest(NULL, Object(Config\Cache), false)
#8 C:\laragon\www\Luzancy-App\public\index.php(37): CodeIgniter\CodeIgniter->run()
#9 {main}
CRITICAL - 2022-02-18 04:25:31 --> Undefined variable: all
#0 C:\laragon\www\Luzancy-App\app\Views\Recherche\RechercheContact.php(62): CodeIgniter\Debug\Exceptions->errorHandler(8, 'Undefined varia...', 'C:\\laragon\\www\\...', 62, Array)
#1 C:\laragon\www\Luzancy-App\system\View\View.php(210): include('C:\\laragon\\www\\...')
#2 C:\laragon\www\Luzancy-App\system\View\View.php(213): CodeIgniter\View\View->CodeIgniter\View\{closure}()
#3 C:\laragon\www\Luzancy-App\system\Common.php(1089): CodeIgniter\View\View->render('Recherche/Reche...', Array, true)
#4 C:\laragon\www\Luzancy-App\app\Controllers\ContactController.php(60): view('Recherche/Reche...', Array)
#5 C:\laragon\www\Luzancy-App\system\CodeIgniter.php(825): App\Controllers\ContactController->recherche_contact()
#6 C:\laragon\www\Luzancy-App\system\CodeIgniter.php(412): CodeIgniter\CodeIgniter->runController(Object(App\Controllers\ContactController))
#7 C:\laragon\www\Luzancy-App\system\CodeIgniter.php(320): CodeIgniter\CodeIgniter->handleRequest(NULL, Object(Config\Cache), false)
#8 C:\laragon\www\Luzancy-App\public\index.php(37): CodeIgniter\CodeIgniter->run()
#9 {main}
CRITICAL - 2022-02-18 04:25:36 --> Undefined variable: ResultatRecherche
#0 C:\laragon\www\Luzancy-App\app\Views\Recherche\RechercheContact.php(62): CodeIgniter\Debug\Exceptions->errorHandler(8, 'Undefined varia...', 'C:\\laragon\\www\\...', 62, Array)
#1 C:\laragon\www\Luzancy-App\system\View\View.php(210): include('C:\\laragon\\www\\...')
#2 C:\laragon\www\Luzancy-App\system\View\View.php(213): CodeIgniter\View\View->CodeIgniter\View\{closure}()
#3 C:\laragon\www\Luzancy-App\system\Common.php(1089): CodeIgniter\View\View->render('Recherche/Reche...', Array, true)
#4 C:\laragon\www\Luzancy-App\app\Controllers\ContactController.php(60): view('Recherche/Reche...', Array)
#5 C:\laragon\www\Luzancy-App\system\CodeIgniter.php(825): App\Controllers\ContactController->recherche_contact()
#6 C:\laragon\www\Luzancy-App\system\CodeIgniter.php(412): CodeIgniter\CodeIgniter->runController(Object(App\Controllers\ContactController))
#7 C:\laragon\www\Luzancy-App\system\CodeIgniter.php(320): CodeIgniter\CodeIgniter->handleRequest(NULL, Object(Config\Cache), false)
#8 C:\laragon\www\Luzancy-App\public\index.php(37): CodeIgniter\CodeIgniter->run()
#9 {main}
CRITICAL - 2022-02-18 04:26:30 --> Undefined variable: data
#0 C:\laragon\www\Luzancy-App\app\Views\Recherche\RechercheContact.php(71): CodeIgniter\Debug\Exceptions->errorHandler(8, 'Undefined varia...', 'C:\\laragon\\www\\...', 71, Array)
#1 C:\laragon\www\Luzancy-App\system\View\View.php(210): include('C:\\laragon\\www\\...')
#2 C:\laragon\www\Luzancy-App\system\View\View.php(213): CodeIgniter\View\View->CodeIgniter\View\{closure}()
#3 C:\laragon\www\Luzancy-App\system\Common.php(1089): CodeIgniter\View\View->render('Recherche/Reche...', Array, true)
#4 C:\laragon\www\Luzancy-App\app\Controllers\ContactController.php(60): view('Recherche/Reche...', Array)
#5 C:\laragon\www\Luzancy-App\system\CodeIgniter.php(825): App\Controllers\ContactController->recherche_contact()
#6 C:\laragon\www\Luzancy-App\system\CodeIgniter.php(412): CodeIgniter\CodeIgniter->runController(Object(App\Controllers\ContactController))
#7 C:\laragon\www\Luzancy-App\system\CodeIgniter.php(320): CodeIgniter\CodeIgniter->handleRequest(NULL, Object(Config\Cache), false)
#8 C:\laragon\www\Luzancy-App\public\index.php(37): CodeIgniter\CodeIgniter->run()
#9 {main}
CRITICAL - 2022-02-18 04:26:42 --> Undefined variable: all
#0 C:\laragon\www\Luzancy-App\app\Views\Recherche\RechercheContact.php(71): CodeIgniter\Debug\Exceptions->errorHandler(8, 'Undefined varia...', 'C:\\laragon\\www\\...', 71, Array)
#1 C:\laragon\www\Luzancy-App\system\View\View.php(210): include('C:\\laragon\\www\\...')
#2 C:\laragon\www\Luzancy-App\system\View\View.php(213): CodeIgniter\View\View->CodeIgniter\View\{closure}()
#3 C:\laragon\www\Luzancy-App\system\Common.php(1089): CodeIgniter\View\View->render('Recherche/Reche...', Array, true)
#4 C:\laragon\www\Luzancy-App\app\Controllers\ContactController.php(60): view('Recherche/Reche...', Array)
#5 C:\laragon\www\Luzancy-App\system\CodeIgniter.php(825): App\Controllers\ContactController->recherche_contact()
#6 C:\laragon\www\Luzancy-App\system\CodeIgniter.php(412): CodeIgniter\CodeIgniter->runController(Object(App\Controllers\ContactController))
#7 C:\laragon\www\Luzancy-App\system\CodeIgniter.php(320): CodeIgniter\CodeIgniter->handleRequest(NULL, Object(Config\Cache), false)
#8 C:\laragon\www\Luzancy-App\public\index.php(37): CodeIgniter\CodeIgniter->run()
#9 {main}
CRITICAL - 2022-02-18 04:43:33 --> Undefined variable: query
#0 C:\laragon\www\Luzancy-App\app\Views\Recherche\RechercheContact.php(62): CodeIgniter\Debug\Exceptions->errorHandler(8, 'Undefined varia...', 'C:\\laragon\\www\\...', 62, Array)
#1 C:\laragon\www\Luzancy-App\system\View\View.php(210): include('C:\\laragon\\www\\...')
#2 C:\laragon\www\Luzancy-App\system\View\View.php(213): CodeIgniter\View\View->CodeIgniter\View\{closure}()
#3 C:\laragon\www\Luzancy-App\system\Common.php(1089): CodeIgniter\View\View->render('Recherche/Reche...', Array, true)
#4 C:\laragon\www\Luzancy-App\app\Controllers\ContactController.php(60): view('Recherche/Reche...', Array)
#5 C:\laragon\www\Luzancy-App\system\CodeIgniter.php(825): App\Controllers\ContactController->recherche_contact()
#6 C:\laragon\www\Luzancy-App\system\CodeIgniter.php(412): CodeIgniter\CodeIgniter->runController(Object(App\Controllers\ContactController))
#7 C:\laragon\www\Luzancy-App\system\CodeIgniter.php(320): CodeIgniter\CodeIgniter->handleRequest(NULL, Object(Config\Cache), false)
#8 C:\laragon\www\Luzancy-App\public\index.php(37): CodeIgniter\CodeIgniter->run()
#9 {main}
CRITICAL - 2022-02-18 04:43:57 --> Undefined variable: all
#0 C:\laragon\www\Luzancy-App\app\Views\Recherche\RechercheContact.php(62): CodeIgniter\Debug\Exceptions->errorHandler(8, 'Undefined varia...', 'C:\\laragon\\www\\...', 62, Array)
#1 C:\laragon\www\Luzancy-App\system\View\View.php(210): include('C:\\laragon\\www\\...')
#2 C:\laragon\www\Luzancy-App\system\View\View.php(213): CodeIgniter\View\View->CodeIgniter\View\{closure}()
#3 C:\laragon\www\Luzancy-App\system\Common.php(1089): CodeIgniter\View\View->render('Recherche/Reche...', Array, true)
#4 C:\laragon\www\Luzancy-App\app\Controllers\ContactController.php(60): view('Recherche/Reche...', Array)
#5 C:\laragon\www\Luzancy-App\system\CodeIgniter.php(825): App\Controllers\ContactController->recherche_contact()
#6 C:\laragon\www\Luzancy-App\system\CodeIgniter.php(412): CodeIgniter\CodeIgniter->runController(Object(App\Controllers\ContactController))
#7 C:\laragon\www\Luzancy-App\system\CodeIgniter.php(320): CodeIgniter\CodeIgniter->handleRequest(NULL, Object(Config\Cache), false)
#8 C:\laragon\www\Luzancy-App\public\index.php(37): CodeIgniter\CodeIgniter->run()
#9 {main}
CRITICAL - 2022-02-18 05:08:16 --> Undefined variable: query
#0 C:\laragon\www\Luzancy-App\app\Models\ContactModel.php(53): CodeIgniter\Debug\Exceptions->errorHandler(8, 'Undefined varia...', 'C:\\laragon\\www\\...', 53, Array)
#1 C:\laragon\www\Luzancy-App\app\Controllers\ContactController.php(82): App\Models\ContactModel->recherche_contact(NULL, NULL)
#2 C:\laragon\www\Luzancy-App\system\CodeIgniter.php(825): App\Controllers\ContactController->recherche_contact_1()
#3 C:\laragon\www\Luzancy-App\system\CodeIgniter.php(412): CodeIgniter\CodeIgniter->runController(Object(App\Controllers\ContactController))
#4 C:\laragon\www\Luzancy-App\system\CodeIgniter.php(320): CodeIgniter\CodeIgniter->handleRequest(NULL, Object(Config\Cache), false)
#5 C:\laragon\www\Luzancy-App\public\index.php(37): CodeIgniter\CodeIgniter->run()
#6 {main}
CRITICAL - 2022-02-18 05:08:35 --> Undefined variable: query
#0 C:\laragon\www\Luzancy-App\app\Models\ContactModel.php(53): CodeIgniter\Debug\Exceptions->errorHandler(8, 'Undefined varia...', 'C:\\laragon\\www\\...', 53, Array)
#1 C:\laragon\www\Luzancy-App\app\Controllers\ContactController.php(82): App\Models\ContactModel->recherche_contact(NULL, NULL)
#2 C:\laragon\www\Luzancy-App\system\CodeIgniter.php(825): App\Controllers\ContactController->recherche_contact_1()
#3 C:\laragon\www\Luzancy-App\system\CodeIgniter.php(412): CodeIgniter\CodeIgniter->runController(Object(App\Controllers\ContactController))
#4 C:\laragon\www\Luzancy-App\system\CodeIgniter.php(320): CodeIgniter\CodeIgniter->handleRequest(NULL, Object(Config\Cache), false)
#5 C:\laragon\www\Luzancy-App\public\index.php(37): CodeIgniter\CodeIgniter->run()
#6 {main}
CRITICAL - 2022-02-18 05:09:02 --> Undefined variable: query
#0 C:\laragon\www\Luzancy-App\app\Models\ContactModel.php(51): CodeIgniter\Debug\Exceptions->errorHandler(8, 'Undefined varia...', 'C:\\laragon\\www\\...', 51, Array)
#1 C:\laragon\www\Luzancy-App\app\Controllers\ContactController.php(82): App\Models\ContactModel->recherche_contact(NULL, NULL)
#2 C:\laragon\www\Luzancy-App\system\CodeIgniter.php(825): App\Controllers\ContactController->recherche_contact_1()
#3 C:\laragon\www\Luzancy-App\system\CodeIgniter.php(412): CodeIgniter\CodeIgniter->runController(Object(App\Controllers\ContactController))
#4 C:\laragon\www\Luzancy-App\system\CodeIgniter.php(320): CodeIgniter\CodeIgniter->handleRequest(NULL, Object(Config\Cache), false)
#5 C:\laragon\www\Luzancy-App\public\index.php(37): CodeIgniter\CodeIgniter->run()
#6 {main}
CRITICAL - 2022-02-18 05:09:29 --> Undefined variable: query
#0 C:\laragon\www\Luzancy-App\app\Models\ContactModel.php(54): CodeIgniter\Debug\Exceptions->errorHandler(8, 'Undefined varia...', 'C:\\laragon\\www\\...', 54, Array)
#1 C:\laragon\www\Luzancy-App\app\Controllers\ContactController.php(82): App\Models\ContactModel->recherche_contact(NULL, NULL)
#2 C:\laragon\www\Luzancy-App\system\CodeIgniter.php(825): App\Controllers\ContactController->recherche_contact_1()
#3 C:\laragon\www\Luzancy-App\system\CodeIgniter.php(412): CodeIgniter\CodeIgniter->runController(Object(App\Controllers\ContactController))
#4 C:\laragon\www\Luzancy-App\system\CodeIgniter.php(320): CodeIgniter\CodeIgniter->handleRequest(NULL, Object(Config\Cache), false)
#5 C:\laragon\www\Luzancy-App\public\index.php(37): CodeIgniter\CodeIgniter->run()
#6 {main}
CRITICAL - 2022-02-18 05:09:54 --> Undefined variable: query
#0 C:\laragon\www\Luzancy-App\app\Models\ContactModel.php(54): CodeIgniter\Debug\Exceptions->errorHandler(8, 'Undefined varia...', 'C:\\laragon\\www\\...', 54, Array)
#1 C:\laragon\www\Luzancy-App\app\Controllers\ContactController.php(82): App\Models\ContactModel->recherche_contact(NULL, NULL)
#2 C:\laragon\www\Luzancy-App\system\CodeIgniter.php(825): App\Controllers\ContactController->recherche_contact_1()
#3 C:\laragon\www\Luzancy-App\system\CodeIgniter.php(412): CodeIgniter\CodeIgniter->runController(Object(App\Controllers\ContactController))
#4 C:\laragon\www\Luzancy-App\system\CodeIgniter.php(320): CodeIgniter\CodeIgniter->handleRequest(NULL, Object(Config\Cache), false)
#5 C:\laragon\www\Luzancy-App\public\index.php(37): CodeIgniter\CodeIgniter->run()
#6 {main}
CRITICAL - 2022-02-18 05:10:17 --> Argument 2 passed to view() must be of the type array, null given, called in C:\laragon\www\Luzancy-App\app\Controllers\ContactController.php on line 91
#0 C:\laragon\www\Luzancy-App\app\Controllers\ContactController.php(91): view('Recherche/Reche...', NULL, NULL, Array)
#1 C:\laragon\www\Luzancy-App\system\CodeIgniter.php(825): App\Controllers\ContactController->recherche_contact_1()
#2 C:\laragon\www\Luzancy-App\system\CodeIgniter.php(412): CodeIgniter\CodeIgniter->runController(Object(App\Controllers\ContactController))
#3 C:\laragon\www\Luzancy-App\system\CodeIgniter.php(320): CodeIgniter\CodeIgniter->handleRequest(NULL, Object(Config\Cache), false)
#4 C:\laragon\www\Luzancy-App\public\index.php(37): CodeIgniter\CodeIgniter->run()
#5 {main}
CRITICAL - 2022-02-18 05:13:45 --> Call to undefined function App\Controllers\form_open()
#0 C:\laragon\www\Luzancy-App\system\CodeIgniter.php(825): App\Controllers\ContactController->recherche_contact_1()
#1 C:\laragon\www\Luzancy-App\system\CodeIgniter.php(412): CodeIgniter\CodeIgniter->runController(Object(App\Controllers\ContactController))
#2 C:\laragon\www\Luzancy-App\system\CodeIgniter.php(320): CodeIgniter\CodeIgniter->handleRequest(NULL, Object(Config\Cache), false)
#3 C:\laragon\www\Luzancy-App\public\index.php(37): CodeIgniter\CodeIgniter->run()
#4 {main}
CRITICAL - 2022-02-18 05:14:04 --> Argument 2 passed to view() must be of the type array, null given, called in C:\laragon\www\Luzancy-App\app\Controllers\ContactController.php on line 91
#0 C:\laragon\www\Luzancy-App\app\Controllers\ContactController.php(91): view('Recherche/Reche...', NULL, NULL, Array)
#1 C:\laragon\www\Luzancy-App\system\CodeIgniter.php(825): App\Controllers\ContactController->recherche_contact_1()
#2 C:\laragon\www\Luzancy-App\system\CodeIgniter.php(412): CodeIgniter\CodeIgniter->runController(Object(App\Controllers\ContactController))
#3 C:\laragon\www\Luzancy-App\system\CodeIgniter.php(320): CodeIgniter\CodeIgniter->handleRequest(NULL, Object(Config\Cache), false)
#4 C:\laragon\www\Luzancy-App\public\index.php(37): CodeIgniter\CodeIgniter->run()
#5 {main}
CRITICAL - 2022-02-18 05:17:13 --> Call to undefined function App\Controllers\resultat_recherche()
#0 C:\laragon\www\Luzancy-App\system\CodeIgniter.php(825): App\Controllers\ContactController->recherche_contact()
#1 C:\laragon\www\Luzancy-App\system\CodeIgniter.php(412): CodeIgniter\CodeIgniter->runController(Object(App\Controllers\ContactController))
#2 C:\laragon\www\Luzancy-App\system\CodeIgniter.php(320): CodeIgniter\CodeIgniter->handleRequest(NULL, Object(Config\Cache), false)
#3 C:\laragon\www\Luzancy-App\public\index.php(37): CodeIgniter\CodeIgniter->run()
#4 {main}
CRITICAL - 2022-02-18 05:17:19 --> Call to undefined function App\Controllers\resultat_recherche()
#0 C:\laragon\www\Luzancy-App\system\CodeIgniter.php(825): App\Controllers\ContactController->recherche_contact()
#1 C:\laragon\www\Luzancy-App\system\CodeIgniter.php(412): CodeIgniter\CodeIgniter->runController(Object(App\Controllers\ContactController))
#2 C:\laragon\www\Luzancy-App\system\CodeIgniter.php(320): CodeIgniter\CodeIgniter->handleRequest(NULL, Object(Config\Cache), false)
#3 C:\laragon\www\Luzancy-App\public\index.php(37): CodeIgniter\CodeIgniter->run()
#4 {main}
CRITICAL - 2022-02-18 05:23:02 -->  route cannot be found while reverse-routing.
#0 C:\laragon\www\Luzancy-App\system\HTTP\RedirectResponse.php(56): CodeIgniter\HTTP\Exceptions\HTTPException::forInvalidRedirectRoute('')
#1 C:\laragon\www\Luzancy-App\system\Common.php(832): CodeIgniter\HTTP\RedirectResponse->route(false)
#2 C:\laragon\www\Luzancy-App\app\Controllers\ContactController.php(94): redirect('ContactControll...')
#3 C:\laragon\www\Luzancy-App\system\CodeIgniter.php(825): App\Controllers\ContactController->recherche_contact()
#4 C:\laragon\www\Luzancy-App\system\CodeIgniter.php(412): CodeIgniter\CodeIgniter->runController(Object(App\Controllers\ContactController))
#5 C:\laragon\www\Luzancy-App\system\CodeIgniter.php(320): CodeIgniter\CodeIgniter->handleRequest(NULL, Object(Config\Cache), false)
#6 C:\laragon\www\Luzancy-App\public\index.php(37): CodeIgniter\CodeIgniter->run()
#7 {main}
CRITICAL - 2022-02-18 05:23:10 -->  route cannot be found while reverse-routing.
#0 C:\laragon\www\Luzancy-App\system\HTTP\RedirectResponse.php(56): CodeIgniter\HTTP\Exceptions\HTTPException::forInvalidRedirectRoute('')
#1 C:\laragon\www\Luzancy-App\system\Common.php(832): CodeIgniter\HTTP\RedirectResponse->route(false)
#2 C:\laragon\www\Luzancy-App\app\Controllers\ContactController.php(94): redirect('ContactControll...')
#3 C:\laragon\www\Luzancy-App\system\CodeIgniter.php(825): App\Controllers\ContactController->recherche_contact()
#4 C:\laragon\www\Luzancy-App\system\CodeIgniter.php(412): CodeIgniter\CodeIgniter->runController(Object(App\Controllers\ContactController))
#5 C:\laragon\www\Luzancy-App\system\CodeIgniter.php(320): CodeIgniter\CodeIgniter->handleRequest(NULL, Object(Config\Cache), false)
#6 C:\laragon\www\Luzancy-App\public\index.php(37): CodeIgniter\CodeIgniter->run()
#7 {main}
CRITICAL - 2022-02-18 05:23:25 -->  route cannot be found while reverse-routing.
#0 C:\laragon\www\Luzancy-App\system\HTTP\RedirectResponse.php(56): CodeIgniter\HTTP\Exceptions\HTTPException::forInvalidRedirectRoute('')
#1 C:\laragon\www\Luzancy-App\system\Common.php(832): CodeIgniter\HTTP\RedirectResponse->route(false)
#2 C:\laragon\www\Luzancy-App\app\Controllers\ContactController.php(94): redirect('resultat_recher...')
#3 C:\laragon\www\Luzancy-App\system\CodeIgniter.php(825): App\Controllers\ContactController->recherche_contact()
#4 C:\laragon\www\Luzancy-App\system\CodeIgniter.php(412): CodeIgniter\CodeIgniter->runController(Object(App\Controllers\ContactController))
#5 C:\laragon\www\Luzancy-App\system\CodeIgniter.php(320): CodeIgniter\CodeIgniter->handleRequest(NULL, Object(Config\Cache), false)
#6 C:\laragon\www\Luzancy-App\public\index.php(37): CodeIgniter\CodeIgniter->run()
#7 {main}
CRITICAL - 2022-02-18 07:38:42 --> syntax error, unexpected end of file
#0 C:\laragon\www\Luzancy-App\system\View\View.php(213): CodeIgniter\View\View->CodeIgniter\View\{closure}()
#1 C:\laragon\www\Luzancy-App\system\Common.php(1089): CodeIgniter\View\View->render('organisation/Li...', Array, true)
#2 C:\laragon\www\Luzancy-App\app\Controllers\ContactController.php(115): view('organisation/Li...', Array)
#3 C:\laragon\www\Luzancy-App\system\CodeIgniter.php(825): App\Controllers\ContactController->toute_les_organisations()
#4 C:\laragon\www\Luzancy-App\system\CodeIgniter.php(412): CodeIgniter\CodeIgniter->runController(Object(App\Controllers\ContactController))
#5 C:\laragon\www\Luzancy-App\system\CodeIgniter.php(320): CodeIgniter\CodeIgniter->handleRequest(NULL, Object(Config\Cache), false)
#6 C:\laragon\www\Luzancy-App\public\index.php(37): CodeIgniter\CodeIgniter->run()
#7 {main}
CRITICAL - 2022-02-18 07:39:08 --> Undefined index: Nom_Contact
#0 C:\laragon\www\Luzancy-App\app\Views\organisation\ListeOrganisation.php(47): CodeIgniter\Debug\Exceptions->errorHandler(8, 'Undefined index...', 'C:\\laragon\\www\\...', 47, Array)
#1 C:\laragon\www\Luzancy-App\system\View\View.php(210): include('C:\\laragon\\www\\...')
#2 C:\laragon\www\Luzancy-App\system\View\View.php(213): CodeIgniter\View\View->CodeIgniter\View\{closure}()
#3 C:\laragon\www\Luzancy-App\system\Common.php(1089): CodeIgniter\View\View->render('organisation/Li...', Array, true)
#4 C:\laragon\www\Luzancy-App\app\Controllers\ContactController.php(115): view('organisation/Li...', Array)
#5 C:\laragon\www\Luzancy-App\system\CodeIgniter.php(825): App\Controllers\ContactController->toute_les_organisations()
#6 C:\laragon\www\Luzancy-App\system\CodeIgniter.php(412): CodeIgniter\CodeIgniter->runController(Object(App\Controllers\ContactController))
#7 C:\laragon\www\Luzancy-App\system\CodeIgniter.php(320): CodeIgniter\CodeIgniter->handleRequest(NULL, Object(Config\Cache), false)
#8 C:\laragon\www\Luzancy-App\public\index.php(37): CodeIgniter\CodeIgniter->run()
#9 {main}
