CRITICAL - 2022-02-08 02:25:08 --> syntax error, unexpected end of file, expecting elseif (T_ELSEIF) or else (T_ELSE) or endif (T_ENDIF)
#0 C:\laragon\www\system\View\View.php(213): CodeIgniter\View\View->CodeIgniter\View\{closure}()
#1 C:\laragon\www\system\Common.php(1089): CodeIgniter\View\View->render('Recherche', Array, true)
#2 C:\laragon\www\app\Controllers\RechercheController.php(26): view('Recherche', Array, Array)
#3 C:\laragon\www\system\CodeIgniter.php(825): App\Controllers\RechercheController->index()
#4 C:\laragon\www\system\CodeIgniter.php(412): CodeIgniter\CodeIgniter->runController(Object(App\Controllers\RechercheController))
#5 C:\laragon\www\system\CodeIgniter.php(320): CodeIgniter\CodeIgniter->handleRequest(NULL, Object(Config\Cache), false)
#6 C:\laragon\www\public\index.php(37): CodeIgniter\CodeIgniter->run()
#7 {main}
CRITICAL - 2022-02-08 02:26:14 --> syntax error, unexpected end of file, expecting elseif (T_ELSEIF) or else (T_ELSE) or endif (T_ENDIF)
#0 C:\laragon\www\system\View\View.php(213): CodeIgniter\View\View->CodeIgniter\View\{closure}()
#1 C:\laragon\www\system\Common.php(1089): CodeIgniter\View\View->render('Recherche', Array, true)
#2 C:\laragon\www\app\Controllers\RechercheController.php(26): view('Recherche', Array, Array)
#3 C:\laragon\www\system\CodeIgniter.php(825): App\Controllers\RechercheController->index()
#4 C:\laragon\www\system\CodeIgniter.php(412): CodeIgniter\CodeIgniter->runController(Object(App\Controllers\RechercheController))
#5 C:\laragon\www\system\CodeIgniter.php(320): CodeIgniter\CodeIgniter->handleRequest(NULL, Object(Config\Cache), false)
#6 C:\laragon\www\public\index.php(37): CodeIgniter\CodeIgniter->run()
#7 {main}
CRITICAL - 2022-02-08 02:27:39 --> Undefined variable: contact
#0 C:\laragon\www\app\Views\Recherche.php(107): CodeIgniter\Debug\Exceptions->errorHandler(8, 'Undefined varia...', 'C:\\laragon\\www\\...', 107, Array)
#1 C:\laragon\www\system\View\View.php(210): include('C:\\laragon\\www\\...')
#2 C:\laragon\www\system\View\View.php(213): CodeIgniter\View\View->CodeIgniter\View\{closure}()
#3 C:\laragon\www\system\Common.php(1089): CodeIgniter\View\View->render('Recherche', Array, true)
#4 C:\laragon\www\app\Controllers\RechercheController.php(26): view('Recherche', Array, Array)
#5 C:\laragon\www\system\CodeIgniter.php(825): App\Controllers\RechercheController->index()
#6 C:\laragon\www\system\CodeIgniter.php(412): CodeIgniter\CodeIgniter->runController(Object(App\Controllers\RechercheController))
#7 C:\laragon\www\system\CodeIgniter.php(320): CodeIgniter\CodeIgniter->handleRequest(NULL, Object(Config\Cache), false)
#8 C:\laragon\www\public\index.php(37): CodeIgniter\CodeIgniter->run()
#9 {main}
CRITICAL - 2022-02-08 02:32:35 --> syntax error, unexpected end of file
#0 C:\laragon\www\system\View\View.php(213): CodeIgniter\View\View->CodeIgniter\View\{closure}()
#1 C:\laragon\www\system\Common.php(1089): CodeIgniter\View\View->render('Recherche', Array, true)
#2 C:\laragon\www\app\Controllers\RechercheController.php(26): view('Recherche', Array, Array)
#3 C:\laragon\www\system\CodeIgniter.php(825): App\Controllers\RechercheController->index()
#4 C:\laragon\www\system\CodeIgniter.php(412): CodeIgniter\CodeIgniter->runController(Object(App\Controllers\RechercheController))
#5 C:\laragon\www\system\CodeIgniter.php(320): CodeIgniter\CodeIgniter->handleRequest(NULL, Object(Config\Cache), false)
#6 C:\laragon\www\public\index.php(37): CodeIgniter\CodeIgniter->run()
#7 {main}
CRITICAL - 2022-02-08 02:43:53 --> Call to undefined method App\Models\RechercheModel::getOrganisation
#0 C:\laragon\www\app\Controllers\RechercheController.php(30): CodeIgniter\Model->__call('getOrganisation', Array)
#1 C:\laragon\www\system\CodeIgniter.php(825): App\Controllers\RechercheController->index()
#2 C:\laragon\www\system\CodeIgniter.php(412): CodeIgniter\CodeIgniter->runController(Object(App\Controllers\RechercheController))
#3 C:\laragon\www\system\CodeIgniter.php(320): CodeIgniter\CodeIgniter->handleRequest(NULL, Object(Config\Cache), false)
#4 C:\laragon\www\public\index.php(37): CodeIgniter\CodeIgniter->run()
#5 {main}
CRITICAL - 2022-02-08 02:45:18 --> Undefined variable: contact
#0 C:\laragon\www\app\Views\Recherche.php(107): CodeIgniter\Debug\Exceptions->errorHandler(8, 'Undefined varia...', 'C:\\laragon\\www\\...', 107, Array)
#1 C:\laragon\www\system\View\View.php(210): include('C:\\laragon\\www\\...')
#2 C:\laragon\www\system\View\View.php(213): CodeIgniter\View\View->CodeIgniter\View\{closure}()
#3 C:\laragon\www\system\Common.php(1089): CodeIgniter\View\View->render('Recherche', Array, true)
#4 C:\laragon\www\app\Controllers\RechercheController.php(34): view('Recherche', Array)
#5 C:\laragon\www\system\CodeIgniter.php(825): App\Controllers\RechercheController->index()
#6 C:\laragon\www\system\CodeIgniter.php(412): CodeIgniter\CodeIgniter->runController(Object(App\Controllers\RechercheController))
#7 C:\laragon\www\system\CodeIgniter.php(320): CodeIgniter\CodeIgniter->handleRequest(NULL, Object(Config\Cache), false)
#8 C:\laragon\www\public\index.php(37): CodeIgniter\CodeIgniter->run()
#9 {main}
CRITICAL - 2022-02-08 02:47:43 --> Undefined variable: contact
#0 C:\laragon\www\app\Views\Recherche.php(95): CodeIgniter\Debug\Exceptions->errorHandler(8, 'Undefined varia...', 'C:\\laragon\\www\\...', 95, Array)
#1 C:\laragon\www\system\View\View.php(210): include('C:\\laragon\\www\\...')
#2 C:\laragon\www\system\View\View.php(213): CodeIgniter\View\View->CodeIgniter\View\{closure}()
#3 C:\laragon\www\system\Common.php(1089): CodeIgniter\View\View->render('Recherche', Array, true)
#4 C:\laragon\www\app\Controllers\RechercheController.php(34): view('Recherche', Array)
#5 C:\laragon\www\system\CodeIgniter.php(825): App\Controllers\RechercheController->index()
#6 C:\laragon\www\system\CodeIgniter.php(412): CodeIgniter\CodeIgniter->runController(Object(App\Controllers\RechercheController))
#7 C:\laragon\www\system\CodeIgniter.php(320): CodeIgniter\CodeIgniter->handleRequest(NULL, Object(Config\Cache), false)
#8 C:\laragon\www\public\index.php(37): CodeIgniter\CodeIgniter->run()
#9 {main}
CRITICAL - 2022-02-08 02:48:29 --> Undefined variable: contact
#0 C:\laragon\www\app\Views\Recherche.php(93): CodeIgniter\Debug\Exceptions->errorHandler(8, 'Undefined varia...', 'C:\\laragon\\www\\...', 93, Array)
#1 C:\laragon\www\system\View\View.php(210): include('C:\\laragon\\www\\...')
#2 C:\laragon\www\system\View\View.php(213): CodeIgniter\View\View->CodeIgniter\View\{closure}()
#3 C:\laragon\www\system\Common.php(1089): CodeIgniter\View\View->render('Recherche', Array, true)
#4 C:\laragon\www\app\Controllers\RechercheController.php(34): view('Recherche', Array)
#5 C:\laragon\www\system\CodeIgniter.php(825): App\Controllers\RechercheController->index()
#6 C:\laragon\www\system\CodeIgniter.php(412): CodeIgniter\CodeIgniter->runController(Object(App\Controllers\RechercheController))
#7 C:\laragon\www\system\CodeIgniter.php(320): CodeIgniter\CodeIgniter->handleRequest(NULL, Object(Config\Cache), false)
#8 C:\laragon\www\public\index.php(37): CodeIgniter\CodeIgniter->run()
#9 {main}
CRITICAL - 2022-02-08 02:48:39 --> Undefined index: 
#0 C:\laragon\www\app\Views\Recherche.php(166): CodeIgniter\Debug\Exceptions->errorHandler(8, 'Undefined index...', 'C:\\laragon\\www\\...', 166, Array)
#1 C:\laragon\www\system\View\View.php(210): include('C:\\laragon\\www\\...')
#2 C:\laragon\www\system\View\View.php(213): CodeIgniter\View\View->CodeIgniter\View\{closure}()
#3 C:\laragon\www\system\Common.php(1089): CodeIgniter\View\View->render('Recherche', Array, true)
#4 C:\laragon\www\app\Controllers\RechercheController.php(34): view('Recherche', Array)
#5 C:\laragon\www\system\CodeIgniter.php(825): App\Controllers\RechercheController->index()
#6 C:\laragon\www\system\CodeIgniter.php(412): CodeIgniter\CodeIgniter->runController(Object(App\Controllers\RechercheController))
#7 C:\laragon\www\system\CodeIgniter.php(320): CodeIgniter\CodeIgniter->handleRequest(NULL, Object(Config\Cache), false)
#8 C:\laragon\www\public\index.php(37): CodeIgniter\CodeIgniter->run()
#9 {main}
CRITICAL - 2022-02-08 02:51:01 --> syntax error, unexpected end of file, expecting elseif (T_ELSEIF) or else (T_ELSE) or endif (T_ENDIF)
#0 C:\laragon\www\system\View\View.php(213): CodeIgniter\View\View->CodeIgniter\View\{closure}()
#1 C:\laragon\www\system\Common.php(1089): CodeIgniter\View\View->render('Recherche', Array, true)
#2 C:\laragon\www\app\Controllers\RechercheController.php(34): view('Recherche', Array)
#3 C:\laragon\www\system\CodeIgniter.php(825): App\Controllers\RechercheController->index()
#4 C:\laragon\www\system\CodeIgniter.php(412): CodeIgniter\CodeIgniter->runController(Object(App\Controllers\RechercheController))
#5 C:\laragon\www\system\CodeIgniter.php(320): CodeIgniter\CodeIgniter->handleRequest(NULL, Object(Config\Cache), false)
#6 C:\laragon\www\public\index.php(37): CodeIgniter\CodeIgniter->run()
#7 {main}
CRITICAL - 2022-02-08 02:51:29 --> syntax error, unexpected end of file, expecting elseif (T_ELSEIF) or else (T_ELSE) or endif (T_ENDIF)
#0 C:\laragon\www\system\View\View.php(213): CodeIgniter\View\View->CodeIgniter\View\{closure}()
#1 C:\laragon\www\system\Common.php(1089): CodeIgniter\View\View->render('Recherche', Array, true)
#2 C:\laragon\www\app\Controllers\RechercheController.php(34): view('Recherche', Array)
#3 C:\laragon\www\system\CodeIgniter.php(825): App\Controllers\RechercheController->index()
#4 C:\laragon\www\system\CodeIgniter.php(412): CodeIgniter\CodeIgniter->runController(Object(App\Controllers\RechercheController))
#5 C:\laragon\www\system\CodeIgniter.php(320): CodeIgniter\CodeIgniter->handleRequest(NULL, Object(Config\Cache), false)
#6 C:\laragon\www\public\index.php(37): CodeIgniter\CodeIgniter->run()
#7 {main}
CRITICAL - 2022-02-08 02:56:04 --> syntax error, unexpected end of file, expecting elseif (T_ELSEIF) or else (T_ELSE) or endif (T_ENDIF)
#0 C:\laragon\www\system\View\View.php(213): CodeIgniter\View\View->CodeIgniter\View\{closure}()
#1 C:\laragon\www\system\Common.php(1089): CodeIgniter\View\View->render('Recherche', Array, true)
#2 C:\laragon\www\app\Controllers\RechercheController.php(34): view('Recherche', Array)
#3 C:\laragon\www\system\CodeIgniter.php(825): App\Controllers\RechercheController->index()
#4 C:\laragon\www\system\CodeIgniter.php(412): CodeIgniter\CodeIgniter->runController(Object(App\Controllers\RechercheController))
#5 C:\laragon\www\system\CodeIgniter.php(320): CodeIgniter\CodeIgniter->handleRequest(NULL, Object(Config\Cache), false)
#6 C:\laragon\www\public\index.php(37): CodeIgniter\CodeIgniter->run()
#7 {main}
CRITICAL - 2022-02-08 02:56:26 --> Undefined variable: organisation
#0 C:\laragon\www\app\Views\Recherche.php(92): CodeIgniter\Debug\Exceptions->errorHandler(8, 'Undefined varia...', 'C:\\laragon\\www\\...', 92, Array)
#1 C:\laragon\www\system\View\View.php(210): include('C:\\laragon\\www\\...')
#2 C:\laragon\www\system\View\View.php(213): CodeIgniter\View\View->CodeIgniter\View\{closure}()
#3 C:\laragon\www\system\Common.php(1089): CodeIgniter\View\View->render('Recherche', Array, true)
#4 C:\laragon\www\app\Controllers\RechercheController.php(34): view('Recherche', Array)
#5 C:\laragon\www\system\CodeIgniter.php(825): App\Controllers\RechercheController->index()
#6 C:\laragon\www\system\CodeIgniter.php(412): CodeIgniter\CodeIgniter->runController(Object(App\Controllers\RechercheController))
#7 C:\laragon\www\system\CodeIgniter.php(320): CodeIgniter\CodeIgniter->handleRequest(NULL, Object(Config\Cache), false)
#8 C:\laragon\www\public\index.php(37): CodeIgniter\CodeIgniter->run()
#9 {main}
CRITICAL - 2022-02-08 02:57:24 --> Undefined index: Nom_Organisation
#0 C:\laragon\www\app\Views\Recherche.php(93): CodeIgniter\Debug\Exceptions->errorHandler(8, 'Undefined index...', 'C:\\laragon\\www\\...', 93, Array)
#1 C:\laragon\www\system\View\View.php(210): include('C:\\laragon\\www\\...')
#2 C:\laragon\www\system\View\View.php(213): CodeIgniter\View\View->CodeIgniter\View\{closure}()
#3 C:\laragon\www\system\Common.php(1089): CodeIgniter\View\View->render('Recherche', Array, true)
#4 C:\laragon\www\app\Controllers\RechercheController.php(34): view('Recherche', Array)
#5 C:\laragon\www\system\CodeIgniter.php(825): App\Controllers\RechercheController->index()
#6 C:\laragon\www\system\CodeIgniter.php(412): CodeIgniter\CodeIgniter->runController(Object(App\Controllers\RechercheController))
#7 C:\laragon\www\system\CodeIgniter.php(320): CodeIgniter\CodeIgniter->handleRequest(NULL, Object(Config\Cache), false)
#8 C:\laragon\www\public\index.php(37): CodeIgniter\CodeIgniter->run()
#9 {main}
CRITICAL - 2022-02-08 02:57:58 --> Undefined index: Nom_Organisation
#0 C:\laragon\www\app\Views\Recherche.php(93): CodeIgniter\Debug\Exceptions->errorHandler(8, 'Undefined index...', 'C:\\laragon\\www\\...', 93, Array)
#1 C:\laragon\www\system\View\View.php(210): include('C:\\laragon\\www\\...')
#2 C:\laragon\www\system\View\View.php(213): CodeIgniter\View\View->CodeIgniter\View\{closure}()
#3 C:\laragon\www\system\Common.php(1089): CodeIgniter\View\View->render('Recherche', Array, true)
#4 C:\laragon\www\app\Controllers\RechercheController.php(34): view('Recherche', Array)
#5 C:\laragon\www\system\CodeIgniter.php(825): App\Controllers\RechercheController->index()
#6 C:\laragon\www\system\CodeIgniter.php(412): CodeIgniter\CodeIgniter->runController(Object(App\Controllers\RechercheController))
#7 C:\laragon\www\system\CodeIgniter.php(320): CodeIgniter\CodeIgniter->handleRequest(NULL, Object(Config\Cache), false)
#8 C:\laragon\www\public\index.php(37): CodeIgniter\CodeIgniter->run()
#9 {main}
CRITICAL - 2022-02-08 03:00:12 --> Undefined index: Nom_Organisation
#0 C:\laragon\www\app\Views\Recherche.php(93): CodeIgniter\Debug\Exceptions->errorHandler(8, 'Undefined index...', 'C:\\laragon\\www\\...', 93, Array)
#1 C:\laragon\www\system\View\View.php(210): include('C:\\laragon\\www\\...')
#2 C:\laragon\www\system\View\View.php(213): CodeIgniter\View\View->CodeIgniter\View\{closure}()
#3 C:\laragon\www\system\Common.php(1089): CodeIgniter\View\View->render('Recherche', Array, true)
#4 C:\laragon\www\app\Controllers\RechercheController.php(34): view('Recherche', Array)
#5 C:\laragon\www\system\CodeIgniter.php(825): App\Controllers\RechercheController->index()
#6 C:\laragon\www\system\CodeIgniter.php(412): CodeIgniter\CodeIgniter->runController(Object(App\Controllers\RechercheController))
#7 C:\laragon\www\system\CodeIgniter.php(320): CodeIgniter\CodeIgniter->handleRequest(NULL, Object(Config\Cache), false)
#8 C:\laragon\www\public\index.php(37): CodeIgniter\CodeIgniter->run()
#9 {main}
CRITICAL - 2022-02-08 03:00:25 --> Undefined index: ID_Organisation
#0 C:\laragon\www\app\Views\Recherche.php(94): CodeIgniter\Debug\Exceptions->errorHandler(8, 'Undefined index...', 'C:\\laragon\\www\\...', 94, Array)
#1 C:\laragon\www\system\View\View.php(210): include('C:\\laragon\\www\\...')
#2 C:\laragon\www\system\View\View.php(213): CodeIgniter\View\View->CodeIgniter\View\{closure}()
#3 C:\laragon\www\system\Common.php(1089): CodeIgniter\View\View->render('Recherche', Array, true)
#4 C:\laragon\www\app\Controllers\RechercheController.php(34): view('Recherche', Array)
#5 C:\laragon\www\system\CodeIgniter.php(825): App\Controllers\RechercheController->index()
#6 C:\laragon\www\system\CodeIgniter.php(412): CodeIgniter\CodeIgniter->runController(Object(App\Controllers\RechercheController))
#7 C:\laragon\www\system\CodeIgniter.php(320): CodeIgniter\CodeIgniter->handleRequest(NULL, Object(Config\Cache), false)
#8 C:\laragon\www\public\index.php(37): CodeIgniter\CodeIgniter->run()
#9 {main}
CRITICAL - 2022-02-08 03:02:14 --> Undefined index: Nom_Organisation
#0 C:\laragon\www\app\Views\Recherche.php(93): CodeIgniter\Debug\Exceptions->errorHandler(8, 'Undefined index...', 'C:\\laragon\\www\\...', 93, Array)
#1 C:\laragon\www\system\View\View.php(210): include('C:\\laragon\\www\\...')
#2 C:\laragon\www\system\View\View.php(213): CodeIgniter\View\View->CodeIgniter\View\{closure}()
#3 C:\laragon\www\system\Common.php(1089): CodeIgniter\View\View->render('Recherche', Array, true)
#4 C:\laragon\www\app\Controllers\RechercheController.php(34): view('Recherche', Array)
#5 C:\laragon\www\system\CodeIgniter.php(825): App\Controllers\RechercheController->index()
#6 C:\laragon\www\system\CodeIgniter.php(412): CodeIgniter\CodeIgniter->runController(Object(App\Controllers\RechercheController))
#7 C:\laragon\www\system\CodeIgniter.php(320): CodeIgniter\CodeIgniter->handleRequest(NULL, Object(Config\Cache), false)
#8 C:\laragon\www\public\index.php(37): CodeIgniter\CodeIgniter->run()
#9 {main}
CRITICAL - 2022-02-08 03:02:14 --> Undefined index: Nom_Organisation
#0 C:\laragon\www\app\Views\Recherche.php(93): CodeIgniter\Debug\Exceptions->errorHandler(8, 'Undefined index...', 'C:\\laragon\\www\\...', 93, Array)
#1 C:\laragon\www\system\View\View.php(210): include('C:\\laragon\\www\\...')
#2 C:\laragon\www\system\View\View.php(213): CodeIgniter\View\View->CodeIgniter\View\{closure}()
#3 C:\laragon\www\system\Common.php(1089): CodeIgniter\View\View->render('Recherche', Array, true)
#4 C:\laragon\www\app\Controllers\RechercheController.php(34): view('Recherche', Array)
#5 C:\laragon\www\system\CodeIgniter.php(825): App\Controllers\RechercheController->index()
#6 C:\laragon\www\system\CodeIgniter.php(412): CodeIgniter\CodeIgniter->runController(Object(App\Controllers\RechercheController))
#7 C:\laragon\www\system\CodeIgniter.php(320): CodeIgniter\CodeIgniter->handleRequest(NULL, Object(Config\Cache), false)
#8 C:\laragon\www\public\index.php(37): CodeIgniter\CodeIgniter->run()
#9 {main}
ERROR - 2022-02-08 03:03:37 --> You have an error in your SQL syntax; check the manual that corresponds to your MySQL server version for the right syntax to use near '1' at line 2
CRITICAL - 2022-02-08 03:03:37 --> You have an error in your SQL syntax; check the manual that corresponds to your MySQL server version for the right syntax to use near '1' at line 2
#0 C:\laragon\www\system\Database\MySQLi\Connection.php(292): mysqli->query('SELECT *\nFROM 1', 0)
#1 C:\laragon\www\system\Database\BaseConnection.php(670): CodeIgniter\Database\MySQLi\Connection->execute('SELECT *\nFROM 1')
#2 C:\laragon\www\system\Database\BaseConnection.php(598): CodeIgniter\Database\BaseConnection->simpleQuery('SELECT *\nFROM 1')
#3 C:\laragon\www\system\Database\BaseBuilder.php(1455): CodeIgniter\Database\BaseConnection->query('SELECT *\nFROM 1', Array, false)
#4 C:\laragon\www\system\Model.php(183): CodeIgniter\Database\BaseBuilder->get()
#5 C:\laragon\www\system\BaseModel.php(584): CodeIgniter\Model->doFindAll(0, 0)
#6 C:\laragon\www\app\Models\RechercheModel.php(15): CodeIgniter\BaseModel->findAll()
#7 C:\laragon\www\app\Controllers\RechercheController.php(29): App\Models\RechercheModel->getContact()
#8 C:\laragon\www\system\CodeIgniter.php(825): App\Controllers\RechercheController->index()
#9 C:\laragon\www\system\CodeIgniter.php(412): CodeIgniter\CodeIgniter->runController(Object(App\Controllers\RechercheController))
#10 C:\laragon\www\system\CodeIgniter.php(320): CodeIgniter\CodeIgniter->handleRequest(NULL, Object(Config\Cache), false)
#11 C:\laragon\www\public\index.php(37): CodeIgniter\CodeIgniter->run()
#12 {main}
CRITICAL - 2022-02-08 03:07:10 --> Call to undefined method App\Models\RechercheModel::getOrganisation
#0 C:\laragon\www\app\Controllers\RechercheController.php(30): CodeIgniter\Model->__call('getOrganisation', Array)
#1 C:\laragon\www\system\CodeIgniter.php(825): App\Controllers\RechercheController->index()
#2 C:\laragon\www\system\CodeIgniter.php(412): CodeIgniter\CodeIgniter->runController(Object(App\Controllers\RechercheController))
#3 C:\laragon\www\system\CodeIgniter.php(320): CodeIgniter\CodeIgniter->handleRequest(NULL, Object(Config\Cache), false)
#4 C:\laragon\www\public\index.php(37): CodeIgniter\CodeIgniter->run()
#5 {main}
CRITICAL - 2022-02-08 03:29:39 --> Object of class App\Models\RechercheModel could not be converted to string
#0 C:\laragon\www\system\CodeIgniter.php(825): App\Controllers\RechercheController->index()
#1 C:\laragon\www\system\CodeIgniter.php(412): CodeIgniter\CodeIgniter->runController(Object(App\Controllers\RechercheController))
#2 C:\laragon\www\system\CodeIgniter.php(320): CodeIgniter\CodeIgniter->handleRequest(NULL, Object(Config\Cache), false)
#3 C:\laragon\www\public\index.php(37): CodeIgniter\CodeIgniter->run()
#4 {main}
