CRITICAL - 2022-02-22 08:02:05 --> Undefined variable: organisation
#0 C:\laragon\www\ContactApp\app\Views\Recherche\AfficheContactEntier.php(92): CodeIgniter\Debug\Exceptions->errorHandler(8, 'Undefined varia...', 'C:\\laragon\\www\\...', 92, Array)
#1 C:\laragon\www\ContactApp\system\View\View.php(210): include('C:\\laragon\\www\\...')
#2 C:\laragon\www\ContactApp\system\View\View.php(213): CodeIgniter\View\View->CodeIgniter\View\{closure}()
#3 C:\laragon\www\ContactApp\system\Common.php(1089): CodeIgniter\View\View->render('Recherche/Affic...', Array, true)
#4 C:\laragon\www\ContactApp\app\Controllers\Recherche.php(46): view('Recherche/Affic...', Array)
#5 C:\laragon\www\ContactApp\system\CodeIgniter.php(825): App\Controllers\Recherche->tout_les_contacts()
#6 C:\laragon\www\ContactApp\system\CodeIgniter.php(412): CodeIgniter\CodeIgniter->runController(Object(App\Controllers\Recherche))
#7 C:\laragon\www\ContactApp\system\CodeIgniter.php(320): CodeIgniter\CodeIgniter->handleRequest(NULL, Object(Config\Cache), false)
#8 C:\laragon\www\ContactApp\public\index.php(37): CodeIgniter\CodeIgniter->run()
#9 {main}
CRITICAL - 2022-02-22 08:09:11 --> Invalid argument supplied for foreach()
#0 C:\laragon\www\ContactApp\app\Views\Recherche\AfficheContactEntier.php(75): CodeIgniter\Debug\Exceptions->errorHandler(2, 'Invalid argumen...', 'C:\\laragon\\www\\...', 75, Array)
#1 C:\laragon\www\ContactApp\system\View\View.php(210): include('C:\\laragon\\www\\...')
#2 C:\laragon\www\ContactApp\system\View\View.php(213): CodeIgniter\View\View->CodeIgniter\View\{closure}()
#3 C:\laragon\www\ContactApp\system\Common.php(1089): CodeIgniter\View\View->render('Recherche/Affic...', Array, true)
#4 C:\laragon\www\ContactApp\app\Controllers\Recherche.php(46): view('Recherche/Affic...', Array)
#5 C:\laragon\www\ContactApp\system\CodeIgniter.php(825): App\Controllers\Recherche->tout_les_contacts()
#6 C:\laragon\www\ContactApp\system\CodeIgniter.php(412): CodeIgniter\CodeIgniter->runController(Object(App\Controllers\Recherche))
#7 C:\laragon\www\ContactApp\system\CodeIgniter.php(320): CodeIgniter\CodeIgniter->handleRequest(NULL, Object(Config\Cache), false)
#8 C:\laragon\www\ContactApp\public\index.php(37): CodeIgniter\CodeIgniter->run()
#9 {main}
CRITICAL - 2022-02-22 08:10:44 --> Call to undefined function double()
#0 C:\laragon\www\ContactApp\system\View\View.php(210): include()
#1 C:\laragon\www\ContactApp\system\View\View.php(213): CodeIgniter\View\View->CodeIgniter\View\{closure}()
#2 C:\laragon\www\ContactApp\system\Common.php(1089): CodeIgniter\View\View->render('Recherche/Affic...', Array, true)
#3 C:\laragon\www\ContactApp\app\Controllers\Recherche.php(46): view('Recherche/Affic...', Array)
#4 C:\laragon\www\ContactApp\system\CodeIgniter.php(825): App\Controllers\Recherche->tout_les_contacts()
#5 C:\laragon\www\ContactApp\system\CodeIgniter.php(412): CodeIgniter\CodeIgniter->runController(Object(App\Controllers\Recherche))
#6 C:\laragon\www\ContactApp\system\CodeIgniter.php(320): CodeIgniter\CodeIgniter->handleRequest(NULL, Object(Config\Cache), false)
#7 C:\laragon\www\ContactApp\public\index.php(37): CodeIgniter\CodeIgniter->run()
#8 {main}
CRITICAL - 2022-02-22 08:11:00 --> Undefined variable: double
#0 C:\laragon\www\ContactApp\app\Views\Recherche\AfficheContactEntier.php(76): CodeIgniter\Debug\Exceptions->errorHandler(8, 'Undefined varia...', 'C:\\laragon\\www\\...', 76, Array)
#1 C:\laragon\www\ContactApp\system\View\View.php(210): include('C:\\laragon\\www\\...')
#2 C:\laragon\www\ContactApp\system\View\View.php(213): CodeIgniter\View\View->CodeIgniter\View\{closure}()
#3 C:\laragon\www\ContactApp\system\Common.php(1089): CodeIgniter\View\View->render('Recherche/Affic...', Array, true)
#4 C:\laragon\www\ContactApp\app\Controllers\Recherche.php(46): view('Recherche/Affic...', Array)
#5 C:\laragon\www\ContactApp\system\CodeIgniter.php(825): App\Controllers\Recherche->tout_les_contacts()
#6 C:\laragon\www\ContactApp\system\CodeIgniter.php(412): CodeIgniter\CodeIgniter->runController(Object(App\Controllers\Recherche))
#7 C:\laragon\www\ContactApp\system\CodeIgniter.php(320): CodeIgniter\CodeIgniter->handleRequest(NULL, Object(Config\Cache), false)
#8 C:\laragon\www\ContactApp\public\index.php(37): CodeIgniter\CodeIgniter->run()
#9 {main}
CRITICAL - 2022-02-22 08:14:44 --> Undefined index: Nom_Contact
#0 C:\laragon\www\ContactApp\app\Views\Recherche\AfficheContactEntier.php(88): CodeIgniter\Debug\Exceptions->errorHandler(8, 'Undefined index...', 'C:\\laragon\\www\\...', 88, Array)
#1 C:\laragon\www\ContactApp\system\View\View.php(210): include('C:\\laragon\\www\\...')
#2 C:\laragon\www\ContactApp\system\View\View.php(213): CodeIgniter\View\View->CodeIgniter\View\{closure}()
#3 C:\laragon\www\ContactApp\system\Common.php(1089): CodeIgniter\View\View->render('Recherche/Affic...', Array, true)
#4 C:\laragon\www\ContactApp\app\Controllers\Recherche.php(46): view('Recherche/Affic...', Array)
#5 C:\laragon\www\ContactApp\system\CodeIgniter.php(825): App\Controllers\Recherche->tout_les_contacts()
#6 C:\laragon\www\ContactApp\system\CodeIgniter.php(412): CodeIgniter\CodeIgniter->runController(Object(App\Controllers\Recherche))
#7 C:\laragon\www\ContactApp\system\CodeIgniter.php(320): CodeIgniter\CodeIgniter->handleRequest(NULL, Object(Config\Cache), false)
#8 C:\laragon\www\ContactApp\public\index.php(37): CodeIgniter\CodeIgniter->run()
#9 {main}
CRITICAL - 2022-02-22 09:29:59 --> Array to string conversion
#0 C:\laragon\www\ContactApp\app\Views\organisation\ListeOrganisation.php(53): CodeIgniter\Debug\Exceptions->errorHandler(8, 'Array to string...', 'C:\\laragon\\www\\...', 53, Array)
#1 C:\laragon\www\ContactApp\system\View\View.php(210): include('C:\\laragon\\www\\...')
#2 C:\laragon\www\ContactApp\system\View\View.php(213): CodeIgniter\View\View->CodeIgniter\View\{closure}()
#3 C:\laragon\www\ContactApp\system\Common.php(1089): CodeIgniter\View\View->render('organisation/Li...', Array, true)
#4 C:\laragon\www\ContactApp\app\Controllers\Recherche.php(108): view('organisation/Li...', Array)
#5 C:\laragon\www\ContactApp\system\CodeIgniter.php(825): App\Controllers\Recherche->toute_les_organisations()
#6 C:\laragon\www\ContactApp\system\CodeIgniter.php(412): CodeIgniter\CodeIgniter->runController(Object(App\Controllers\Recherche))
#7 C:\laragon\www\ContactApp\system\CodeIgniter.php(320): CodeIgniter\CodeIgniter->handleRequest(NULL, Object(Config\Cache), false)
#8 C:\laragon\www\ContactApp\public\index.php(37): CodeIgniter\CodeIgniter->run()
#9 {main}
CRITICAL - 2022-02-22 09:35:06 --> Undefined index: ID_Login
#0 C:\laragon\www\ContactApp\app\Views\login\ListeLogin.php(36): CodeIgniter\Debug\Exceptions->errorHandler(8, 'Undefined index...', 'C:\\laragon\\www\\...', 36, Array)
#1 C:\laragon\www\ContactApp\system\View\View.php(210): include('C:\\laragon\\www\\...')
#2 C:\laragon\www\ContactApp\system\View\View.php(213): CodeIgniter\View\View->CodeIgniter\View\{closure}()
#3 C:\laragon\www\ContactApp\system\Common.php(1089): CodeIgniter\View\View->render('login/ListeLogi...', Array, true)
#4 C:\laragon\www\ContactApp\app\Controllers\Recherche.php(138): view('login/ListeLogi...', Array)
#5 C:\laragon\www\ContactApp\system\CodeIgniter.php(825): App\Controllers\Recherche->tout_les_login()
#6 C:\laragon\www\ContactApp\system\CodeIgniter.php(412): CodeIgniter\CodeIgniter->runController(Object(App\Controllers\Recherche))
#7 C:\laragon\www\ContactApp\system\CodeIgniter.php(320): CodeIgniter\CodeIgniter->handleRequest(NULL, Object(Config\Cache), false)
#8 C:\laragon\www\ContactApp\public\index.php(37): CodeIgniter\CodeIgniter->run()
#9 {main}
