ERROR - 2022-03-03 06:24:08 --> Unknown column 'id' in 'where clause'
CRITICAL - 2022-03-03 06:24:08 --> Unknown column 'id' in 'where clause'
#0 C:\laragon\www\ContactApp\system\Database\MySQLi\Connection.php(292): mysqli->query('DELETE FROM `or...', 0)
#1 C:\laragon\www\ContactApp\system\Database\BaseConnection.php(670): CodeIgniter\Database\MySQLi\Connection->execute('DELETE FROM `or...')
#2 C:\laragon\www\ContactApp\system\Database\BaseConnection.php(598): CodeIgniter\Database\BaseConnection->simpleQuery('DELETE FROM `or...')
#3 C:\laragon\www\ContactApp\system\Database\BaseBuilder.php(2225): CodeIgniter\Database\BaseConnection->query('DELETE FROM `or...', Array, false)
#4 C:\laragon\www\ContactApp\system\Model.php(359): CodeIgniter\Database\BaseBuilder->delete()
#5 C:\laragon\www\ContactApp\system\BaseModel.php(963): CodeIgniter\Model->doDelete(Array, false)
#6 C:\laragon\www\ContactApp\app\Controllers\Recherche.php(92): CodeIgniter\BaseModel->delete(Array)
#7 C:\laragon\www\ContactApp\system\CodeIgniter.php(825): App\Controllers\Recherche->delete_organisation('3')
#8 C:\laragon\www\ContactApp\system\CodeIgniter.php(412): CodeIgniter\CodeIgniter->runController(Object(App\Controllers\Recherche))
#9 C:\laragon\www\ContactApp\system\CodeIgniter.php(320): CodeIgniter\CodeIgniter->handleRequest(NULL, Object(Config\Cache), false)
#10 C:\laragon\www\ContactApp\public\index.php(37): CodeIgniter\CodeIgniter->run()
#11 {main}
ERROR - 2022-03-03 06:27:09 --> Unknown column 'id' in 'where clause'
CRITICAL - 2022-03-03 06:27:09 --> Unknown column 'id' in 'where clause'
#0 C:\laragon\www\ContactApp\system\Database\MySQLi\Connection.php(292): mysqli->query('DELETE FROM `or...', 0)
#1 C:\laragon\www\ContactApp\system\Database\BaseConnection.php(670): CodeIgniter\Database\MySQLi\Connection->execute('DELETE FROM `or...')
#2 C:\laragon\www\ContactApp\system\Database\BaseConnection.php(598): CodeIgniter\Database\BaseConnection->simpleQuery('DELETE FROM `or...')
#3 C:\laragon\www\ContactApp\system\Database\BaseBuilder.php(2225): CodeIgniter\Database\BaseConnection->query('DELETE FROM `or...', Array, false)
#4 C:\laragon\www\ContactApp\system\Model.php(359): CodeIgniter\Database\BaseBuilder->delete()
#5 C:\laragon\www\ContactApp\system\BaseModel.php(963): CodeIgniter\Model->doDelete(Array, false)
#6 C:\laragon\www\ContactApp\app\Controllers\Recherche.php(92): CodeIgniter\BaseModel->delete(Array)
#7 C:\laragon\www\ContactApp\system\CodeIgniter.php(825): App\Controllers\Recherche->delete_organisation('3')
#8 C:\laragon\www\ContactApp\system\CodeIgniter.php(412): CodeIgniter\CodeIgniter->runController(Object(App\Controllers\Recherche))
#9 C:\laragon\www\ContactApp\system\CodeIgniter.php(320): CodeIgniter\CodeIgniter->handleRequest(NULL, Object(Config\Cache), false)
#10 C:\laragon\www\ContactApp\public\index.php(37): CodeIgniter\CodeIgniter->run()
#11 {main}
ERROR - 2022-03-03 06:28:31 --> Unknown column 'id' in 'where clause'
CRITICAL - 2022-03-03 06:28:31 --> Unknown column 'id' in 'where clause'
#0 C:\laragon\www\ContactApp\system\Database\MySQLi\Connection.php(292): mysqli->query('DELETE FROM `or...', 0)
#1 C:\laragon\www\ContactApp\system\Database\BaseConnection.php(670): CodeIgniter\Database\MySQLi\Connection->execute('DELETE FROM `or...')
#2 C:\laragon\www\ContactApp\system\Database\BaseConnection.php(598): CodeIgniter\Database\BaseConnection->simpleQuery('DELETE FROM `or...')
#3 C:\laragon\www\ContactApp\system\Database\BaseBuilder.php(2225): CodeIgniter\Database\BaseConnection->query('DELETE FROM `or...', Array, false)
#4 C:\laragon\www\ContactApp\system\Model.php(359): CodeIgniter\Database\BaseBuilder->delete()
#5 C:\laragon\www\ContactApp\system\BaseModel.php(963): CodeIgniter\Model->doDelete(Array, false)
#6 C:\laragon\www\ContactApp\app\Controllers\Recherche.php(92): CodeIgniter\BaseModel->delete(Array)
#7 C:\laragon\www\ContactApp\system\CodeIgniter.php(825): App\Controllers\Recherche->delete_organisation('3')
#8 C:\laragon\www\ContactApp\system\CodeIgniter.php(412): CodeIgniter\CodeIgniter->runController(Object(App\Controllers\Recherche))
#9 C:\laragon\www\ContactApp\system\CodeIgniter.php(320): CodeIgniter\CodeIgniter->handleRequest(NULL, Object(Config\Cache), false)
#10 C:\laragon\www\ContactApp\public\index.php(37): CodeIgniter\CodeIgniter->run()
#11 {main}
ERROR - 2022-03-03 06:29:14 --> Unknown column 'id' in 'where clause'
CRITICAL - 2022-03-03 06:29:14 --> Unknown column 'id' in 'where clause'
#0 C:\laragon\www\ContactApp\system\Database\MySQLi\Connection.php(292): mysqli->query('DELETE FROM `lo...', 0)
#1 C:\laragon\www\ContactApp\system\Database\BaseConnection.php(670): CodeIgniter\Database\MySQLi\Connection->execute('DELETE FROM `lo...')
#2 C:\laragon\www\ContactApp\system\Database\BaseConnection.php(598): CodeIgniter\Database\BaseConnection->simpleQuery('DELETE FROM `lo...')
#3 C:\laragon\www\ContactApp\system\Database\BaseBuilder.php(2225): CodeIgniter\Database\BaseConnection->query('DELETE FROM `lo...', Array, false)
#4 C:\laragon\www\ContactApp\system\Model.php(359): CodeIgniter\Database\BaseBuilder->delete()
#5 C:\laragon\www\ContactApp\system\BaseModel.php(963): CodeIgniter\Model->doDelete(Array, false)
#6 C:\laragon\www\ContactApp\app\Controllers\Recherche.php(119): CodeIgniter\BaseModel->delete(Array)
#7 C:\laragon\www\ContactApp\system\CodeIgniter.php(825): App\Controllers\Recherche->delete_login('3')
#8 C:\laragon\www\ContactApp\system\CodeIgniter.php(412): CodeIgniter\CodeIgniter->runController(Object(App\Controllers\Recherche))
#9 C:\laragon\www\ContactApp\system\CodeIgniter.php(320): CodeIgniter\CodeIgniter->handleRequest(NULL, Object(Config\Cache), false)
#10 C:\laragon\www\ContactApp\public\index.php(37): CodeIgniter\CodeIgniter->run()
#11 {main}
CRITICAL - 2022-03-03 09:28:12 --> Invalid file: Recherche/modifier_contact.php
#0 C:\laragon\www\ContactApp\system\View\View.php(198): CodeIgniter\Exceptions\FrameworkException::forInvalidFile('Recherche/modif...')
#1 C:\laragon\www\ContactApp\system\Common.php(1089): CodeIgniter\View\View->render('Recherche/modif...', Array, true)
#2 C:\laragon\www\ContactApp\app\Controllers\Recherche.php(61): view('Recherche/modif...', Array)
#3 C:\laragon\www\ContactApp\system\CodeIgniter.php(825): App\Controllers\Recherche->modifier_contact('1')
#4 C:\laragon\www\ContactApp\system\CodeIgniter.php(412): CodeIgniter\CodeIgniter->runController(Object(App\Controllers\Recherche))
#5 C:\laragon\www\ContactApp\system\CodeIgniter.php(320): CodeIgniter\CodeIgniter->handleRequest(NULL, Object(Config\Cache), false)
#6 C:\laragon\www\ContactApp\public\index.php(37): CodeIgniter\CodeIgniter->run()
#7 {main}
CRITICAL - 2022-03-03 09:28:40 --> Invalid file: Recherche/modifier_contact.php
#0 C:\laragon\www\ContactApp\system\View\View.php(198): CodeIgniter\Exceptions\FrameworkException::forInvalidFile('Recherche/modif...')
#1 C:\laragon\www\ContactApp\system\Common.php(1089): CodeIgniter\View\View->render('Recherche/modif...', Array, true)
#2 C:\laragon\www\ContactApp\app\Controllers\Recherche.php(61): view('Recherche/modif...', Array)
#3 C:\laragon\www\ContactApp\system\CodeIgniter.php(825): App\Controllers\Recherche->modifier_contact('1')
#4 C:\laragon\www\ContactApp\system\CodeIgniter.php(412): CodeIgniter\CodeIgniter->runController(Object(App\Controllers\Recherche))
#5 C:\laragon\www\ContactApp\system\CodeIgniter.php(320): CodeIgniter\CodeIgniter->handleRequest(NULL, Object(Config\Cache), false)
#6 C:\laragon\www\ContactApp\public\index.php(37): CodeIgniter\CodeIgniter->run()
#7 {main}
CRITICAL - 2022-03-03 09:47:13 --> Undefined index: Nom_Organisation
#0 C:\laragon\www\ContactApp\app\Views\Modifier\ModificationContact.php(47): CodeIgniter\Debug\Exceptions->errorHandler(8, 'Undefined index...', 'C:\\laragon\\www\\...', 47, Array)
#1 C:\laragon\www\ContactApp\system\View\View.php(210): include('C:\\laragon\\www\\...')
#2 C:\laragon\www\ContactApp\system\View\View.php(213): CodeIgniter\View\View->CodeIgniter\View\{closure}()
#3 C:\laragon\www\ContactApp\system\Common.php(1089): CodeIgniter\View\View->render('Modifier/Modifi...', Array, true)
#4 C:\laragon\www\ContactApp\app\Controllers\Recherche.php(61): view('Modifier/Modifi...', Array)
#5 C:\laragon\www\ContactApp\system\CodeIgniter.php(825): App\Controllers\Recherche->modifier_contact('1')
#6 C:\laragon\www\ContactApp\system\CodeIgniter.php(412): CodeIgniter\CodeIgniter->runController(Object(App\Controllers\Recherche))
#7 C:\laragon\www\ContactApp\system\CodeIgniter.php(320): CodeIgniter\CodeIgniter->handleRequest(NULL, Object(Config\Cache), false)
#8 C:\laragon\www\ContactApp\public\index.php(37): CodeIgniter\CodeIgniter->run()
#9 {main}
