CRITICAL - 2022-02-10 04:55:15 --> Invalid file: ajout_contact.php
#0 C:\laragon\www\Luzancy-App\system\View\View.php(198): CodeIgniter\Exceptions\FrameworkException::forInvalidFile('ajout_contact.p...')
#1 C:\laragon\www\Luzancy-App\system\Common.php(1089): CodeIgniter\View\View->render('ajout_contact', Array, true)
#2 C:\laragon\www\Luzancy-App\app\Controllers\Ajout_contactController.php(11): view('ajout_contact')
#3 C:\laragon\www\Luzancy-App\system\CodeIgniter.php(825): App\Controllers\ajout_contactController->index()
#4 C:\laragon\www\Luzancy-App\system\CodeIgniter.php(412): CodeIgniter\CodeIgniter->runController(Object(App\Controllers\ajout_contactController))
#5 C:\laragon\www\Luzancy-App\system\CodeIgniter.php(320): CodeIgniter\CodeIgniter->handleRequest(NULL, Object(Config\Cache), false)
#6 C:\laragon\www\Luzancy-App\public\index.php(37): CodeIgniter\CodeIgniter->run()
#7 {main}
CRITICAL - 2022-02-10 04:57:12 --> require(template/header.php): failed to open stream: No such file or directory
#0 C:\laragon\www\Luzancy-App\app\Views\ajout\ajout_contact.php(2): CodeIgniter\Debug\Exceptions->errorHandler(2, 'require(templat...', 'C:\\laragon\\www\\...', 2, Array)
#1 C:\laragon\www\Luzancy-App\app\Views\ajout\ajout_contact.php(2): require()
#2 C:\laragon\www\Luzancy-App\system\View\View.php(210): include('C:\\laragon\\www\\...')
#3 C:\laragon\www\Luzancy-App\system\View\View.php(213): CodeIgniter\View\View->CodeIgniter\View\{closure}()
#4 C:\laragon\www\Luzancy-App\system\Common.php(1089): CodeIgniter\View\View->render('ajout/ajout_con...', Array, true)
#5 C:\laragon\www\Luzancy-App\app\Controllers\Ajout_contactController.php(11): view('ajout/ajout_con...')
#6 C:\laragon\www\Luzancy-App\system\CodeIgniter.php(825): App\Controllers\ajout_contactController->index()
#7 C:\laragon\www\Luzancy-App\system\CodeIgniter.php(412): CodeIgniter\CodeIgniter->runController(Object(App\Controllers\ajout_contactController))
#8 C:\laragon\www\Luzancy-App\system\CodeIgniter.php(320): CodeIgniter\CodeIgniter->handleRequest(NULL, Object(Config\Cache), false)
#9 C:\laragon\www\Luzancy-App\public\index.php(37): CodeIgniter\CodeIgniter->run()
#10 {main}
CRITICAL - 2022-02-10 04:57:39 --> require(../template/header.php): failed to open stream: No such file or directory
#0 C:\laragon\www\Luzancy-App\app\Views\ajout\ajout_contact.php(2): CodeIgniter\Debug\Exceptions->errorHandler(2, 'require(../temp...', 'C:\\laragon\\www\\...', 2, Array)
#1 C:\laragon\www\Luzancy-App\app\Views\ajout\ajout_contact.php(2): require()
#2 C:\laragon\www\Luzancy-App\system\View\View.php(210): include('C:\\laragon\\www\\...')
#3 C:\laragon\www\Luzancy-App\system\View\View.php(213): CodeIgniter\View\View->CodeIgniter\View\{closure}()
#4 C:\laragon\www\Luzancy-App\system\Common.php(1089): CodeIgniter\View\View->render('ajout/ajout_con...', Array, true)
#5 C:\laragon\www\Luzancy-App\app\Controllers\Ajout_contactController.php(11): view('ajout/ajout_con...')
#6 C:\laragon\www\Luzancy-App\system\CodeIgniter.php(825): App\Controllers\ajout_contactController->index()
#7 C:\laragon\www\Luzancy-App\system\CodeIgniter.php(412): CodeIgniter\CodeIgniter->runController(Object(App\Controllers\ajout_contactController))
#8 C:\laragon\www\Luzancy-App\system\CodeIgniter.php(320): CodeIgniter\CodeIgniter->handleRequest(NULL, Object(Config\Cache), false)
#9 C:\laragon\www\Luzancy-App\public\index.php(37): CodeIgniter\CodeIgniter->run()
#10 {main}
CRITICAL - 2022-02-10 04:58:35 --> require(../template/header.php): failed to open stream: No such file or directory
#0 C:\laragon\www\Luzancy-App\app\Views\ajout\ajout_contact.php(2): CodeIgniter\Debug\Exceptions->errorHandler(2, 'require(../temp...', 'C:\\laragon\\www\\...', 2, Array)
#1 C:\laragon\www\Luzancy-App\app\Views\ajout\ajout_contact.php(2): require()
#2 C:\laragon\www\Luzancy-App\system\View\View.php(210): include('C:\\laragon\\www\\...')
#3 C:\laragon\www\Luzancy-App\system\View\View.php(213): CodeIgniter\View\View->CodeIgniter\View\{closure}()
#4 C:\laragon\www\Luzancy-App\system\Common.php(1089): CodeIgniter\View\View->render('ajout/ajout_con...', Array, true)
#5 C:\laragon\www\Luzancy-App\app\Controllers\Ajout_contactController.php(11): view('ajout/ajout_con...')
#6 C:\laragon\www\Luzancy-App\system\CodeIgniter.php(825): App\Controllers\ajout_contactController->index()
#7 C:\laragon\www\Luzancy-App\system\CodeIgniter.php(412): CodeIgniter\CodeIgniter->runController(Object(App\Controllers\ajout_contactController))
#8 C:\laragon\www\Luzancy-App\system\CodeIgniter.php(320): CodeIgniter\CodeIgniter->handleRequest(NULL, Object(Config\Cache), false)
#9 C:\laragon\www\Luzancy-App\public\index.php(37): CodeIgniter\CodeIgniter->run()
#10 {main}
CRITICAL - 2022-02-10 04:58:59 --> require(../template/header.php): failed to open stream: No such file or directory
#0 C:\laragon\www\Luzancy-App\app\Views\ajout\ajout_contact.php(2): CodeIgniter\Debug\Exceptions->errorHandler(2, 'require(../temp...', 'C:\\laragon\\www\\...', 2, Array)
#1 C:\laragon\www\Luzancy-App\app\Views\ajout\ajout_contact.php(2): require()
#2 C:\laragon\www\Luzancy-App\system\View\View.php(210): include('C:\\laragon\\www\\...')
#3 C:\laragon\www\Luzancy-App\system\View\View.php(213): CodeIgniter\View\View->CodeIgniter\View\{closure}()
#4 C:\laragon\www\Luzancy-App\system\Common.php(1089): CodeIgniter\View\View->render('ajout/ajout_con...', Array, true)
#5 C:\laragon\www\Luzancy-App\app\Controllers\Ajout_contactController.php(11): view('ajout/ajout_con...')
#6 C:\laragon\www\Luzancy-App\system\CodeIgniter.php(825): App\Controllers\ajout_contactController->index()
#7 C:\laragon\www\Luzancy-App\system\CodeIgniter.php(412): CodeIgniter\CodeIgniter->runController(Object(App\Controllers\ajout_contactController))
#8 C:\laragon\www\Luzancy-App\system\CodeIgniter.php(320): CodeIgniter\CodeIgniter->handleRequest(NULL, Object(Config\Cache), false)
#9 C:\laragon\www\Luzancy-App\public\index.php(37): CodeIgniter\CodeIgniter->run()
#10 {main}
CRITICAL - 2022-02-10 04:59:22 --> require(../template/header.php): failed to open stream: No such file or directory
#0 C:\laragon\www\Luzancy-App\app\Views\ajout\ajout_contact.php(2): CodeIgniter\Debug\Exceptions->errorHandler(2, 'require(../temp...', 'C:\\laragon\\www\\...', 2, Array)
#1 C:\laragon\www\Luzancy-App\app\Views\ajout\ajout_contact.php(2): require()
#2 C:\laragon\www\Luzancy-App\system\View\View.php(210): include('C:\\laragon\\www\\...')
#3 C:\laragon\www\Luzancy-App\system\View\View.php(213): CodeIgniter\View\View->CodeIgniter\View\{closure}()
#4 C:\laragon\www\Luzancy-App\system\Common.php(1089): CodeIgniter\View\View->render('ajout/ajout_con...', Array, true)
#5 C:\laragon\www\Luzancy-App\app\Controllers\Ajout_contactController.php(11): view('ajout/ajout_con...')
#6 C:\laragon\www\Luzancy-App\system\CodeIgniter.php(825): App\Controllers\ajout_contactController->index()
#7 C:\laragon\www\Luzancy-App\system\CodeIgniter.php(412): CodeIgniter\CodeIgniter->runController(Object(App\Controllers\ajout_contactController))
#8 C:\laragon\www\Luzancy-App\system\CodeIgniter.php(320): CodeIgniter\CodeIgniter->handleRequest(NULL, Object(Config\Cache), false)
#9 C:\laragon\www\Luzancy-App\public\index.php(37): CodeIgniter\CodeIgniter->run()
#10 {main}
CRITICAL - 2022-02-10 04:59:46 --> require(template/header.php): failed to open stream: No such file or directory
#0 C:\laragon\www\Luzancy-App\app\Views\ajout\ajout_contact.php(2): CodeIgniter\Debug\Exceptions->errorHandler(2, 'require(templat...', 'C:\\laragon\\www\\...', 2, Array)
#1 C:\laragon\www\Luzancy-App\app\Views\ajout\ajout_contact.php(2): require()
#2 C:\laragon\www\Luzancy-App\system\View\View.php(210): include('C:\\laragon\\www\\...')
#3 C:\laragon\www\Luzancy-App\system\View\View.php(213): CodeIgniter\View\View->CodeIgniter\View\{closure}()
#4 C:\laragon\www\Luzancy-App\system\Common.php(1089): CodeIgniter\View\View->render('ajout/ajout_con...', Array, true)
#5 C:\laragon\www\Luzancy-App\app\Controllers\Ajout_contactController.php(11): view('ajout/ajout_con...')
#6 C:\laragon\www\Luzancy-App\system\CodeIgniter.php(825): App\Controllers\ajout_contactController->index()
#7 C:\laragon\www\Luzancy-App\system\CodeIgniter.php(412): CodeIgniter\CodeIgniter->runController(Object(App\Controllers\ajout_contactController))
#8 C:\laragon\www\Luzancy-App\system\CodeIgniter.php(320): CodeIgniter\CodeIgniter->handleRequest(NULL, Object(Config\Cache), false)
#9 C:\laragon\www\Luzancy-App\public\index.php(37): CodeIgniter\CodeIgniter->run()
#10 {main}
CRITICAL - 2022-02-10 05:00:03 --> require(../template/header.php): failed to open stream: No such file or directory
#0 C:\laragon\www\Luzancy-App\app\Views\ajout\ajout_contact.php(2): CodeIgniter\Debug\Exceptions->errorHandler(2, 'require(../temp...', 'C:\\laragon\\www\\...', 2, Array)
#1 C:\laragon\www\Luzancy-App\app\Views\ajout\ajout_contact.php(2): require()
#2 C:\laragon\www\Luzancy-App\system\View\View.php(210): include('C:\\laragon\\www\\...')
#3 C:\laragon\www\Luzancy-App\system\View\View.php(213): CodeIgniter\View\View->CodeIgniter\View\{closure}()
#4 C:\laragon\www\Luzancy-App\system\Common.php(1089): CodeIgniter\View\View->render('ajout/ajout_con...', Array, true)
#5 C:\laragon\www\Luzancy-App\app\Controllers\Ajout_contactController.php(11): view('ajout/ajout_con...')
#6 C:\laragon\www\Luzancy-App\system\CodeIgniter.php(825): App\Controllers\ajout_contactController->index()
#7 C:\laragon\www\Luzancy-App\system\CodeIgniter.php(412): CodeIgniter\CodeIgniter->runController(Object(App\Controllers\ajout_contactController))
#8 C:\laragon\www\Luzancy-App\system\CodeIgniter.php(320): CodeIgniter\CodeIgniter->handleRequest(NULL, Object(Config\Cache), false)
#9 C:\laragon\www\Luzancy-App\public\index.php(37): CodeIgniter\CodeIgniter->run()
#10 {main}
CRITICAL - 2022-02-10 05:00:34 --> require(ajout/../template/header.php): failed to open stream: No such file or directory
#0 C:\laragon\www\Luzancy-App\app\Views\ajout\ajout_contact.php(2): CodeIgniter\Debug\Exceptions->errorHandler(2, 'require(ajout/....', 'C:\\laragon\\www\\...', 2, Array)
#1 C:\laragon\www\Luzancy-App\app\Views\ajout\ajout_contact.php(2): require()
#2 C:\laragon\www\Luzancy-App\system\View\View.php(210): include('C:\\laragon\\www\\...')
#3 C:\laragon\www\Luzancy-App\system\View\View.php(213): CodeIgniter\View\View->CodeIgniter\View\{closure}()
#4 C:\laragon\www\Luzancy-App\system\Common.php(1089): CodeIgniter\View\View->render('ajout/ajout_con...', Array, true)
#5 C:\laragon\www\Luzancy-App\app\Controllers\Ajout_contactController.php(11): view('ajout/ajout_con...')
#6 C:\laragon\www\Luzancy-App\system\CodeIgniter.php(825): App\Controllers\ajout_contactController->index()
#7 C:\laragon\www\Luzancy-App\system\CodeIgniter.php(412): CodeIgniter\CodeIgniter->runController(Object(App\Controllers\ajout_contactController))
#8 C:\laragon\www\Luzancy-App\system\CodeIgniter.php(320): CodeIgniter\CodeIgniter->handleRequest(NULL, Object(Config\Cache), false)
#9 C:\laragon\www\Luzancy-App\public\index.php(37): CodeIgniter\CodeIgniter->run()
#10 {main}
CRITICAL - 2022-02-10 05:00:49 --> Invalid file: ajout/ajout_contact.php
#0 C:\laragon\www\Luzancy-App\system\View\View.php(198): CodeIgniter\Exceptions\FrameworkException::forInvalidFile('ajout/ajout_con...')
#1 C:\laragon\www\Luzancy-App\system\Common.php(1089): CodeIgniter\View\View->render('ajout/ajout_con...', Array, true)
#2 C:\laragon\www\Luzancy-App\app\Controllers\Ajout_contactController.php(11): view('ajout/ajout_con...')
#3 C:\laragon\www\Luzancy-App\system\CodeIgniter.php(825): App\Controllers\ajout_contactController->index()
#4 C:\laragon\www\Luzancy-App\system\CodeIgniter.php(412): CodeIgniter\CodeIgniter->runController(Object(App\Controllers\ajout_contactController))
#5 C:\laragon\www\Luzancy-App\system\CodeIgniter.php(320): CodeIgniter\CodeIgniter->handleRequest(NULL, Object(Config\Cache), false)
#6 C:\laragon\www\Luzancy-App\public\index.php(37): CodeIgniter\CodeIgniter->run()
#7 {main}
CRITICAL - 2022-02-10 05:01:50 --> require(template/header.php): failed to open stream: No such file or directory
#0 C:\laragon\www\Luzancy-App\app\Views\ajout\ajoutContact.php(2): CodeIgniter\Debug\Exceptions->errorHandler(2, 'require(templat...', 'C:\\laragon\\www\\...', 2, Array)
#1 C:\laragon\www\Luzancy-App\app\Views\ajout\ajoutContact.php(2): require()
#2 C:\laragon\www\Luzancy-App\system\View\View.php(210): include('C:\\laragon\\www\\...')
#3 C:\laragon\www\Luzancy-App\system\View\View.php(213): CodeIgniter\View\View->CodeIgniter\View\{closure}()
#4 C:\laragon\www\Luzancy-App\system\Common.php(1089): CodeIgniter\View\View->render('ajout/ajoutCont...', Array, true)
#5 C:\laragon\www\Luzancy-App\app\Controllers\Ajout_contactController.php(11): view('ajout/ajoutCont...')
#6 C:\laragon\www\Luzancy-App\system\CodeIgniter.php(825): App\Controllers\ajout_contactController->index()
#7 C:\laragon\www\Luzancy-App\system\CodeIgniter.php(412): CodeIgniter\CodeIgniter->runController(Object(App\Controllers\ajout_contactController))
#8 C:\laragon\www\Luzancy-App\system\CodeIgniter.php(320): CodeIgniter\CodeIgniter->handleRequest(NULL, Object(Config\Cache), false)
#9 C:\laragon\www\Luzancy-App\public\index.php(37): CodeIgniter\CodeIgniter->run()
#10 {main}
CRITICAL - 2022-02-10 05:02:03 --> require(../template/header.php): failed to open stream: No such file or directory
#0 C:\laragon\www\Luzancy-App\app\Views\ajout\ajoutContact.php(2): CodeIgniter\Debug\Exceptions->errorHandler(2, 'require(../temp...', 'C:\\laragon\\www\\...', 2, Array)
#1 C:\laragon\www\Luzancy-App\app\Views\ajout\ajoutContact.php(2): require()
#2 C:\laragon\www\Luzancy-App\system\View\View.php(210): include('C:\\laragon\\www\\...')
#3 C:\laragon\www\Luzancy-App\system\View\View.php(213): CodeIgniter\View\View->CodeIgniter\View\{closure}()
#4 C:\laragon\www\Luzancy-App\system\Common.php(1089): CodeIgniter\View\View->render('ajout/ajoutCont...', Array, true)
#5 C:\laragon\www\Luzancy-App\app\Controllers\Ajout_contactController.php(11): view('ajout/ajoutCont...')
#6 C:\laragon\www\Luzancy-App\system\CodeIgniter.php(825): App\Controllers\ajout_contactController->index()
#7 C:\laragon\www\Luzancy-App\system\CodeIgniter.php(412): CodeIgniter\CodeIgniter->runController(Object(App\Controllers\ajout_contactController))
#8 C:\laragon\www\Luzancy-App\system\CodeIgniter.php(320): CodeIgniter\CodeIgniter->handleRequest(NULL, Object(Config\Cache), false)
#9 C:\laragon\www\Luzancy-App\public\index.php(37): CodeIgniter\CodeIgniter->run()
#10 {main}
CRITICAL - 2022-02-10 05:02:18 --> Invalid file: ajout/ajoutContact.php
#0 C:\laragon\www\Luzancy-App\system\View\View.php(198): CodeIgniter\Exceptions\FrameworkException::forInvalidFile('ajout/ajoutCont...')
#1 C:\laragon\www\Luzancy-App\system\Common.php(1089): CodeIgniter\View\View->render('ajout/ajoutCont...', Array, true)
#2 C:\laragon\www\Luzancy-App\app\Controllers\Ajout_contactController.php(11): view('ajout/ajoutCont...')
#3 C:\laragon\www\Luzancy-App\system\CodeIgniter.php(825): App\Controllers\ajout_contactController->index()
#4 C:\laragon\www\Luzancy-App\system\CodeIgniter.php(412): CodeIgniter\CodeIgniter->runController(Object(App\Controllers\ajout_contactController))
#5 C:\laragon\www\Luzancy-App\system\CodeIgniter.php(320): CodeIgniter\CodeIgniter->handleRequest(NULL, Object(Config\Cache), false)
#6 C:\laragon\www\Luzancy-App\public\index.php(37): CodeIgniter\CodeIgniter->run()
#7 {main}
CRITICAL - 2022-02-10 05:03:33 --> Invalid file: ajout/ajoutContact.php
#0 C:\laragon\www\Luzancy-App\system\View\View.php(198): CodeIgniter\Exceptions\FrameworkException::forInvalidFile('ajout/ajoutCont...')
#1 C:\laragon\www\Luzancy-App\system\Common.php(1089): CodeIgniter\View\View->render('ajout/ajoutCont...', Array, true)
#2 C:\laragon\www\Luzancy-App\app\Controllers\AjoutContactController.php(11): view('ajout/ajoutCont...')
#3 C:\laragon\www\Luzancy-App\system\CodeIgniter.php(825): App\Controllers\ajoutContactController->index()
#4 C:\laragon\www\Luzancy-App\system\CodeIgniter.php(412): CodeIgniter\CodeIgniter->runController(Object(App\Controllers\ajoutContactController))
#5 C:\laragon\www\Luzancy-App\system\CodeIgniter.php(320): CodeIgniter\CodeIgniter->handleRequest(NULL, Object(Config\Cache), false)
#6 C:\laragon\www\Luzancy-App\public\index.php(37): CodeIgniter\CodeIgniter->run()
#7 {main}
CRITICAL - 2022-02-10 05:03:55 --> Invalid file: ajout/ajoutContact.php
#0 C:\laragon\www\Luzancy-App\system\View\View.php(198): CodeIgniter\Exceptions\FrameworkException::forInvalidFile('ajout/ajoutCont...')
#1 C:\laragon\www\Luzancy-App\system\Common.php(1089): CodeIgniter\View\View->render('ajout/ajoutCont...', Array, true)
#2 C:\laragon\www\Luzancy-App\app\Controllers\AjoutContactController.php(11): view('ajout/ajoutCont...')
#3 C:\laragon\www\Luzancy-App\system\CodeIgniter.php(825): App\Controllers\ajoutContactController->index()
#4 C:\laragon\www\Luzancy-App\system\CodeIgniter.php(412): CodeIgniter\CodeIgniter->runController(Object(App\Controllers\ajoutContactController))
#5 C:\laragon\www\Luzancy-App\system\CodeIgniter.php(320): CodeIgniter\CodeIgniter->handleRequest(NULL, Object(Config\Cache), false)
#6 C:\laragon\www\Luzancy-App\public\index.php(37): CodeIgniter\CodeIgniter->run()
#7 {main}
CRITICAL - 2022-02-10 05:04:31 --> require(template/header.php): failed to open stream: No such file or directory
#0 C:\laragon\www\Luzancy-App\app\Views\ajout\ajoutContact.php(2): CodeIgniter\Debug\Exceptions->errorHandler(2, 'require(templat...', 'C:\\laragon\\www\\...', 2, Array)
#1 C:\laragon\www\Luzancy-App\app\Views\ajout\ajoutContact.php(2): require()
#2 C:\laragon\www\Luzancy-App\system\View\View.php(210): include('C:\\laragon\\www\\...')
#3 C:\laragon\www\Luzancy-App\system\View\View.php(213): CodeIgniter\View\View->CodeIgniter\View\{closure}()
#4 C:\laragon\www\Luzancy-App\system\Common.php(1089): CodeIgniter\View\View->render('ajout/ajoutCont...', Array, true)
#5 C:\laragon\www\Luzancy-App\app\Controllers\AjoutContactController.php(12): view('ajout/ajoutCont...')
#6 C:\laragon\www\Luzancy-App\system\CodeIgniter.php(825): App\Controllers\ajoutContactController->index()
#7 C:\laragon\www\Luzancy-App\system\CodeIgniter.php(412): CodeIgniter\CodeIgniter->runController(Object(App\Controllers\ajoutContactController))
#8 C:\laragon\www\Luzancy-App\system\CodeIgniter.php(320): CodeIgniter\CodeIgniter->handleRequest(NULL, Object(Config\Cache), false)
#9 C:\laragon\www\Luzancy-App\public\index.php(37): CodeIgniter\CodeIgniter->run()
#10 {main}
CRITICAL - 2022-02-10 06:22:28 --> Call to undefined method CodeIgniter\View\View::base_url()
#0 C:\laragon\www\Luzancy-App\system\View\View.php(210): include()
#1 C:\laragon\www\Luzancy-App\system\View\View.php(213): CodeIgniter\View\View->CodeIgniter\View\{closure}()
#2 C:\laragon\www\Luzancy-App\system\Common.php(1089): CodeIgniter\View\View->render('ajoutContact', Array, true)
#3 C:\laragon\www\Luzancy-App\app\Controllers\AjoutContactController.php(34): view('ajoutContact', Array)
#4 C:\laragon\www\Luzancy-App\system\CodeIgniter.php(825): App\Controllers\ajoutContactController->index()
#5 C:\laragon\www\Luzancy-App\system\CodeIgniter.php(412): CodeIgniter\CodeIgniter->runController(Object(App\Controllers\ajoutContactController))
#6 C:\laragon\www\Luzancy-App\system\CodeIgniter.php(320): CodeIgniter\CodeIgniter->handleRequest(NULL, Object(Config\Cache), false)
#7 C:\laragon\www\Luzancy-App\public\index.php(37): CodeIgniter\CodeIgniter->run()
#8 {main}
CRITICAL - 2022-02-10 06:23:10 --> Call to undefined method CodeIgniter\View\View::base_url()
#0 C:\laragon\www\Luzancy-App\system\View\View.php(210): include()
#1 C:\laragon\www\Luzancy-App\system\View\View.php(213): CodeIgniter\View\View->CodeIgniter\View\{closure}()
#2 C:\laragon\www\Luzancy-App\system\Common.php(1089): CodeIgniter\View\View->render('ajoutContact', Array, true)
#3 C:\laragon\www\Luzancy-App\app\Controllers\AjoutContactController.php(34): view('ajoutContact', Array)
#4 C:\laragon\www\Luzancy-App\system\CodeIgniter.php(825): App\Controllers\ajoutContactController->index()
#5 C:\laragon\www\Luzancy-App\system\CodeIgniter.php(412): CodeIgniter\CodeIgniter->runController(Object(App\Controllers\ajoutContactController))
#6 C:\laragon\www\Luzancy-App\system\CodeIgniter.php(320): CodeIgniter\CodeIgniter->handleRequest(NULL, Object(Config\Cache), false)
#7 C:\laragon\www\Luzancy-App\public\index.php(37): CodeIgniter\CodeIgniter->run()
#8 {main}
